2025-06-20 22:31:25.189 INFO: MACE version: 0.3.6
2025-06-20 22:31:25.189 INFO: Configuration: Namespace(config=None, name='mace02_com2', seed=345, log_dir='MACE_models', model_dir='MACE_models', checkpoints_dir='MACE_models', results_dir='MACE_models', downloads_dir='downloads', device='cuda', default_dtype='float64', distributed=False, log_level='INFO', error_table='PerAtomRMSE', model='MACE', r_max=4.0, radial_type='bessel', num_radial_basis=8, num_cutoff_basis=5, pair_repulsion=False, distance_transform='None', interaction='RealAgnosticResidualInteractionBlock', interaction_first='RealAgnosticResidualInteractionBlock', max_ell=2, correlation=2, num_interactions=2, MLP_irreps='16x0e', radial_MLP='[64, 64, 64]', hidden_irreps='128x0e + 128x1o', num_channels=16, max_L=0, gate='silu', scaling='rms_forces_scaling', avg_num_neighbors=1, compute_avg_num_neighbors=True, compute_stress=False, compute_forces=True, train_file='data/solvent_xtb_train_50.xyz', valid_file=None, valid_fraction=0.6, test_file='data/solvent_xtb_test.xyz', test_dir=None, multi_processed_test=False, num_workers=0, pin_memory=True, atomic_numbers=None, mean=None, std=None, statistics_file=None, E0s='average', keep_isolated_atoms=False, energy_key='energy_xtb', forces_key='forces_xtb', virials_key='virials', stress_key='stress', dipole_key='dipole', charges_key='charges', loss='weighted', forces_weight=100.0, swa_forces_weight=100.0, energy_weight=1.0, swa_energy_weight=1000.0, virials_weight=1.0, swa_virials_weight=10.0, stress_weight=1.0, swa_stress_weight=10.0, dipole_weight=1.0, swa_dipole_weight=1.0, config_type_weights='{"Default":1.0}', huber_delta=0.01, optimizer='adam', beta=0.9, batch_size=10, valid_batch_size=10, lr=0.01, swa_lr=0.001, weight_decay=5e-07, amsgrad=True, scheduler='ReduceLROnPlateau', lr_factor=0.8, scheduler_patience=50, lr_scheduler_gamma=0.9993, swa=True, start_swa=None, ema=False, ema_decay=0.99, max_num_epochs=300, patience=2048, foundation_model=None, foundation_model_readout=True, eval_interval=2, keep_checkpoints=False, save_all_checkpoints=False, restart_latest=False, save_cpu=False, clip_grad=10.0, wandb=False, wandb_dir=None, wandb_project='', wandb_entity='', wandb_name='', wandb_log_hypers=['num_channels', 'max_L', 'correlation', 'lr', 'swa_lr', 'weight_decay', 'batch_size', 'max_num_epochs', 'start_swa', 'energy_weight', 'forces_weight'])
2025-06-20 22:31:25.270 INFO: CUDA version: 12.1, CUDA device: 0
2025-06-20 22:31:25.308 INFO: Current Git commit: 3b7b691f60afdffc0cd66948e333883ae1689cd8
2025-06-20 22:31:25.344 INFO: Since ASE version 3.23.0b1, using stress_key 'stress' is no longer safe when communicating between MACE and ASE. We recommend using a different key, rewriting energies to 'REF_stress'. You need to use --stress_key='REF_stress', to tell the key name chosen.
2025-06-20 22:31:25.344 INFO: Using isolated atom energies from training file
2025-06-20 22:31:25.345 INFO: Loaded 50 training configurations from 'data/solvent_xtb_train_50.xyz'
2025-06-20 22:31:25.345 INFO: Using random 60.0% of training set for validation
2025-06-20 22:31:25.373 INFO: Since ASE version 3.23.0b1, using stress_key 'stress' is no longer safe when communicating between MACE and ASE. We recommend using a different key, rewriting energies to 'REF_stress'. You need to use --stress_key='REF_stress', to tell the key name chosen.
2025-06-20 22:31:25.374 INFO: Loaded 50 test configurations from 'data/solvent_xtb_test.xyz'
2025-06-20 22:31:25.374 INFO: Total number of configurations: train=20, valid=30, tests=[Default: 50]
2025-06-20 22:31:25.374 INFO: AtomicNumberTable: (1, 6, 8)
2025-06-20 22:31:25.374 INFO: Atomic energies: [-10.707211383396714, -48.847445262804705, -102.57117256025786]
2025-06-20 22:31:25.416 INFO: WeightedEnergyForcesLoss(energy_weight=1.000, forces_weight=100.000)
2025-06-20 22:31:25.557 INFO: Average number of neighbors: 9.807763401109057
2025-06-20 22:31:25.557 INFO: Selected the following outputs: {'energy': True, 'forces': True, 'virials': False, 'stress': False, 'dipoles': False}
2025-06-20 22:31:25.562 INFO: Building model
2025-06-20 22:31:25.563 INFO: Hidden irreps: 16x0e
2025-06-20 22:31:26.340 INFO: Using stochastic weight averaging (after 225 epochs) with energy weight : 1000.0, forces weight : 100.0 and learning rate : 0.001
2025-06-20 22:31:26.400 INFO: ScaleShiftMACE(
  (node_embedding): LinearNodeEmbeddingBlock(
    (linear): Linear(3x0e -> 16x0e | 48 weights)
  )
  (radial_embedding): RadialEmbeddingBlock(
    (bessel_fn): BesselBasis(r_max=4.0, num_basis=8, trainable=False)
    (cutoff_fn): PolynomialCutoff(p=5.0, r_max=4.0)
  )
  (spherical_harmonics): SphericalHarmonics()
  (atomic_energies_fn): AtomicEnergiesBlock(energies=[-10.7072, -48.8474, -102.5712])
  (interactions): ModuleList(
    (0): RealAgnosticInteractionBlock(
      (linear_up): Linear(16x0e -> 16x0e | 256 weights)
      (conv_tp): TensorProduct(16x0e x 1x0e+1x1o+1x2e -> 16x0e+16x1o+16x2e | 48 paths | 48 weights)
      (conv_tp_weights): FullyConnectedNet[8, 64, 64, 64, 48]
      (linear): Linear(16x0e+16x1o+16x2e -> 16x0e+16x1o+16x2e | 768 weights)
      (skip_tp): FullyConnectedTensorProduct(16x0e+16x1o+16x2e x 3x0e -> 16x0e+16x1o+16x2e | 2304 paths | 2304 weights)
      (reshape): reshape_irreps()
    )
    (1): RealAgnosticResidualInteractionBlock(
      (linear_up): Linear(16x0e -> 16x0e | 256 weights)
      (conv_tp): TensorProduct(16x0e x 1x0e+1x1o+1x2e -> 16x0e+16x1o+16x2e | 48 paths | 48 weights)
      (conv_tp_weights): FullyConnectedNet[8, 64, 64, 64, 48]
      (linear): Linear(16x0e+16x1o+16x2e -> 16x0e+16x1o+16x2e | 768 weights)
      (skip_tp): FullyConnectedTensorProduct(16x0e x 3x0e -> 16x0e | 768 paths | 768 weights)
      (reshape): reshape_irreps()
    )
  )
  (products): ModuleList(
    (0-1): 2 x EquivariantProductBasisBlock(
      (symmetric_contractions): SymmetricContraction(
        (contractions): ModuleList(
          (0): Contraction(
            (contractions_weighting): ModuleList(
              (0): GraphModule()
            )
            (contractions_features): ModuleList(
              (0): GraphModule()
            )
            (weights): ParameterList(  (0): Parameter containing: [torch.float64 of size 3x1x16 (cuda:0)])
            (graph_opt_main): GraphModule()
          )
        )
      )
      (linear): Linear(16x0e -> 16x0e | 256 weights)
    )
  )
  (readouts): ModuleList(
    (0): LinearReadoutBlock(
      (linear): Linear(16x0e -> 1x0e | 16 weights)
    )
    (1): NonLinearReadoutBlock(
      (linear_1): Linear(16x0e -> 16x0e | 256 weights)
      (non_linearity): Activation [x] (16x0e -> 16x0e)
      (linear_2): Linear(16x0e -> 1x0e | 16 weights)
    )
  )
  (scale_shift): ScaleShiftBlock(scale=1.855409, shift=0.000000)
)
2025-06-20 22:31:26.402 INFO: Number of parameters: 29904
2025-06-20 22:31:26.402 INFO: Optimizer: Adam (
Parameter Group 0
    amsgrad: True
    betas: (0.9, 0.999)
    capturable: False
    differentiable: False
    eps: 1e-08
    foreach: None
    fused: None
    initial_lr: 0.01
    lr: 0.01
    maximize: False
    name: embedding
    swa_lr: 0.001
    weight_decay: 0.0

Parameter Group 1
    amsgrad: True
    betas: (0.9, 0.999)
    capturable: False
    differentiable: False
    eps: 1e-08
    foreach: None
    fused: None
    initial_lr: 0.01
    lr: 0.01
    maximize: False
    name: interactions_decay
    swa_lr: 0.001
    weight_decay: 5e-07

Parameter Group 2
    amsgrad: True
    betas: (0.9, 0.999)
    capturable: False
    differentiable: False
    eps: 1e-08
    foreach: None
    fused: None
    initial_lr: 0.01
    lr: 0.01
    maximize: False
    name: interactions_no_decay
    swa_lr: 0.001
    weight_decay: 0.0

Parameter Group 3
    amsgrad: True
    betas: (0.9, 0.999)
    capturable: False
    differentiable: False
    eps: 1e-08
    foreach: None
    fused: None
    initial_lr: 0.01
    lr: 0.01
    maximize: False
    name: products
    swa_lr: 0.001
    weight_decay: 5e-07

Parameter Group 4
    amsgrad: True
    betas: (0.9, 0.999)
    capturable: False
    differentiable: False
    eps: 1e-08
    foreach: None
    fused: None
    initial_lr: 0.01
    lr: 0.01
    maximize: False
    name: readouts
    swa_lr: 0.001
    weight_decay: 0.0
)
2025-06-20 22:31:26.402 INFO: Using gradient clipping with tolerance=10.000
2025-06-20 22:31:26.402 INFO: Started training
2025-06-20 22:31:27.827 INFO: Epoch None: loss=34.5809, RMSE_E_per_atom=6203.4 meV, RMSE_F=1737.4 meV / A
2025-06-20 22:31:29.601 INFO: Epoch 0: loss=33.1863, RMSE_E_per_atom=6182.9 meV, RMSE_F=1698.3 meV / A
2025-06-20 22:31:33.518 INFO: Epoch 2: loss=29.1137, RMSE_E_per_atom=6105.0 meV, RMSE_F=1577.5 meV / A
2025-06-20 22:31:33.808 INFO: Epoch 4: loss=23.4334, RMSE_E_per_atom=5945.5 meV, RMSE_F=1392.1 meV / A
2025-06-20 22:31:34.194 INFO: Epoch 6: loss=21.2580, RMSE_E_per_atom=5713.5 meV, RMSE_F=1325.5 meV / A
2025-06-20 22:31:34.642 INFO: Epoch 8: loss=19.0115, RMSE_E_per_atom=5627.3 meV, RMSE_F=1241.8 meV / A
2025-06-20 22:31:35.097 INFO: Epoch 10: loss=15.7131, RMSE_E_per_atom=5561.5 meV, RMSE_F=1106.8 meV / A
2025-06-20 22:31:35.553 INFO: Epoch 12: loss=14.3860, RMSE_E_per_atom=5460.8 meV, RMSE_F=1051.4 meV / A
2025-06-20 22:31:36.004 INFO: Epoch 14: loss=13.7805, RMSE_E_per_atom=5312.9 meV, RMSE_F=1031.7 meV / A
2025-06-20 22:31:36.413 INFO: Epoch 16: loss=13.6795, RMSE_E_per_atom=5286.3 meV, RMSE_F=1028.6 meV / A
2025-06-20 22:31:36.941 INFO: Epoch 18: loss=12.7050, RMSE_E_per_atom=5261.0 meV, RMSE_F=983.1 meV / A
2025-06-20 22:31:37.403 INFO: Epoch 20: loss=11.1714, RMSE_E_per_atom=5041.6 meV, RMSE_F=918.0 meV / A
2025-06-20 22:31:37.853 INFO: Epoch 22: loss=10.5621, RMSE_E_per_atom=4943.8 meV, RMSE_F=891.9 meV / A
2025-06-20 22:31:38.288 INFO: Epoch 24: loss=9.1146, RMSE_E_per_atom=4909.5 meV, RMSE_F=811.2 meV / A
2025-06-20 22:31:38.738 INFO: Epoch 26: loss=8.4724, RMSE_E_per_atom=4885.5 meV, RMSE_F=773.6 meV / A
2025-06-20 22:31:39.179 INFO: Epoch 28: loss=7.7018, RMSE_E_per_atom=4840.5 meV, RMSE_F=725.6 meV / A
2025-06-20 22:31:39.611 INFO: Epoch 30: loss=6.5708, RMSE_E_per_atom=4728.4 meV, RMSE_F=654.8 meV / A
2025-06-20 22:31:40.043 INFO: Epoch 32: loss=6.2040, RMSE_E_per_atom=4684.0 meV, RMSE_F=630.3 meV / A
2025-06-20 22:31:40.434 INFO: Epoch 34: loss=5.8311, RMSE_E_per_atom=4688.6 meV, RMSE_F=599.6 meV / A
2025-06-20 22:31:40.879 INFO: Epoch 36: loss=5.4265, RMSE_E_per_atom=4604.4 meV, RMSE_F=573.5 meV / A
2025-06-20 22:31:41.268 INFO: Epoch 38: loss=5.3387, RMSE_E_per_atom=4556.8 meV, RMSE_F=570.4 meV / A
2025-06-20 22:31:41.700 INFO: Epoch 40: loss=5.0113, RMSE_E_per_atom=4517.7 meV, RMSE_F=544.2 meV / A
2025-06-20 22:31:42.158 INFO: Epoch 42: loss=4.8539, RMSE_E_per_atom=4486.7 meV, RMSE_F=531.6 meV / A
2025-06-20 22:31:42.611 INFO: Epoch 44: loss=4.8785, RMSE_E_per_atom=4404.6 meV, RMSE_F=540.6 meV / A
2025-06-20 22:31:43.037 INFO: Epoch 46: loss=4.5669, RMSE_E_per_atom=4372.9 meV, RMSE_F=514.2 meV / A
2025-06-20 22:31:43.486 INFO: Epoch 48: loss=4.4436, RMSE_E_per_atom=4326.5 meV, RMSE_F=506.2 meV / A
2025-06-20 22:31:43.937 INFO: Epoch 50: loss=4.1830, RMSE_E_per_atom=4259.2 meV, RMSE_F=485.9 meV / A
2025-06-20 22:31:44.380 INFO: Epoch 52: loss=4.1140, RMSE_E_per_atom=4189.8 meV, RMSE_F=484.9 meV / A
2025-06-20 22:31:44.834 INFO: Epoch 54: loss=3.8674, RMSE_E_per_atom=4140.3 meV, RMSE_F=463.6 meV / A
2025-06-20 22:31:45.270 INFO: Epoch 56: loss=3.6466, RMSE_E_per_atom=4002.4 meV, RMSE_F=452.4 meV / A
2025-06-20 22:31:45.710 INFO: Epoch 58: loss=3.8555, RMSE_E_per_atom=3910.7 meV, RMSE_F=482.5 meV / A
2025-06-20 22:31:46.137 INFO: Epoch 60: loss=3.5200, RMSE_E_per_atom=3794.0 meV, RMSE_F=456.2 meV / A
2025-06-20 22:31:46.586 INFO: Epoch 62: loss=3.2407, RMSE_E_per_atom=3647.2 meV, RMSE_F=436.9 meV / A
2025-06-20 22:31:47.035 INFO: Epoch 64: loss=3.1706, RMSE_E_per_atom=3560.5 meV, RMSE_F=436.2 meV / A
2025-06-20 22:31:47.481 INFO: Epoch 66: loss=3.1539, RMSE_E_per_atom=3497.5 meV, RMSE_F=439.9 meV / A
2025-06-20 22:31:47.932 INFO: Epoch 68: loss=2.9549, RMSE_E_per_atom=3356.4 meV, RMSE_F=428.2 meV / A
2025-06-20 22:31:48.376 INFO: Epoch 70: loss=3.0547, RMSE_E_per_atom=3241.3 meV, RMSE_F=448.2 meV / A
2025-06-20 22:31:48.798 INFO: Epoch 72: loss=3.0049, RMSE_E_per_atom=3198.7 meV, RMSE_F=446.9 meV / A
2025-06-20 22:31:49.210 INFO: Epoch 74: loss=2.5379, RMSE_E_per_atom=3082.3 meV, RMSE_F=399.6 meV / A
2025-06-20 22:31:49.651 INFO: Epoch 76: loss=2.7334, RMSE_E_per_atom=3008.6 meV, RMSE_F=428.6 meV / A
2025-06-20 22:31:50.075 INFO: Epoch 78: loss=2.7294, RMSE_E_per_atom=2976.7 meV, RMSE_F=429.7 meV / A
2025-06-20 22:31:50.496 INFO: Epoch 80: loss=2.5050, RMSE_E_per_atom=2876.3 meV, RMSE_F=410.2 meV / A
2025-06-20 22:31:50.918 INFO: Epoch 82: loss=2.5122, RMSE_E_per_atom=2839.7 meV, RMSE_F=413.5 meV / A
2025-06-20 22:31:51.321 INFO: Epoch 84: loss=2.6033, RMSE_E_per_atom=2777.8 meV, RMSE_F=428.3 meV / A
2025-06-20 22:31:51.746 INFO: Epoch 86: loss=2.5631, RMSE_E_per_atom=2684.3 meV, RMSE_F=429.7 meV / A
2025-06-20 22:31:52.171 INFO: Epoch 88: loss=2.4807, RMSE_E_per_atom=2652.9 meV, RMSE_F=422.1 meV / A
2025-06-20 22:31:52.623 INFO: Epoch 90: loss=2.5061, RMSE_E_per_atom=2528.8 meV, RMSE_F=432.6 meV / A
2025-06-20 22:31:53.051 INFO: Epoch 92: loss=2.3483, RMSE_E_per_atom=2522.7 meV, RMSE_F=413.3 meV / A
2025-06-20 22:31:53.493 INFO: Epoch 94: loss=2.9276, RMSE_E_per_atom=2445.7 meV, RMSE_F=482.2 meV / A
2025-06-20 22:31:53.926 INFO: Epoch 96: loss=3.6094, RMSE_E_per_atom=2299.1 meV, RMSE_F=555.5 meV / A
2025-06-20 22:31:54.348 INFO: Epoch 98: loss=2.8812, RMSE_E_per_atom=2320.5 meV, RMSE_F=482.4 meV / A
2025-06-20 22:31:54.773 INFO: Epoch 100: loss=2.4095, RMSE_E_per_atom=2214.8 meV, RMSE_F=437.0 meV / A
2025-06-20 22:31:55.197 INFO: Epoch 102: loss=2.0747, RMSE_E_per_atom=2182.9 meV, RMSE_F=398.5 meV / A
2025-06-20 22:31:55.650 INFO: Epoch 104: loss=2.0643, RMSE_E_per_atom=2139.9 meV, RMSE_F=399.8 meV / A
2025-06-20 22:31:56.094 INFO: Epoch 106: loss=2.4487, RMSE_E_per_atom=2077.3 meV, RMSE_F=448.5 meV / A
2025-06-20 22:31:56.514 INFO: Epoch 108: loss=2.1980, RMSE_E_per_atom=2053.7 meV, RMSE_F=419.4 meV / A
2025-06-20 22:31:56.938 INFO: Epoch 110: loss=1.9468, RMSE_E_per_atom=1969.8 meV, RMSE_F=393.0 meV / A
2025-06-20 22:31:57.429 INFO: Epoch 112: loss=2.0860, RMSE_E_per_atom=1921.6 meV, RMSE_F=412.0 meV / A
2025-06-20 22:31:57.857 INFO: Epoch 114: loss=1.8961, RMSE_E_per_atom=1872.6 meV, RMSE_F=390.9 meV / A
2025-06-20 22:31:58.309 INFO: Epoch 116: loss=1.8731, RMSE_E_per_atom=1789.4 meV, RMSE_F=392.1 meV / A
2025-06-20 22:31:58.756 INFO: Epoch 118: loss=2.3849, RMSE_E_per_atom=1717.8 meV, RMSE_F=454.7 meV / A
2025-06-20 22:31:59.182 INFO: Epoch 120: loss=1.7544, RMSE_E_per_atom=1691.3 meV, RMSE_F=381.0 meV / A
2025-06-20 22:31:59.609 INFO: Epoch 122: loss=1.8351, RMSE_E_per_atom=1577.8 meV, RMSE_F=396.1 meV / A
2025-06-20 22:32:00.033 INFO: Epoch 124: loss=1.7595, RMSE_E_per_atom=1491.4 meV, RMSE_F=389.8 meV / A
2025-06-20 22:32:00.459 INFO: Epoch 126: loss=1.8512, RMSE_E_per_atom=1447.1 meV, RMSE_F=403.3 meV / A
2025-06-20 22:32:00.881 INFO: Epoch 128: loss=1.6893, RMSE_E_per_atom=1352.5 meV, RMSE_F=386.2 meV / A
2025-06-20 22:32:01.327 INFO: Epoch 130: loss=1.6704, RMSE_E_per_atom=1318.3 meV, RMSE_F=384.5 meV / A
2025-06-20 22:32:01.779 INFO: Epoch 132: loss=1.4943, RMSE_E_per_atom=1206.6 meV, RMSE_F=365.2 meV / A
2025-06-20 22:32:02.289 INFO: Epoch 134: loss=1.5789, RMSE_E_per_atom=1162.9 meV, RMSE_F=378.2 meV / A
2025-06-20 22:32:02.712 INFO: Epoch 136: loss=1.5051, RMSE_E_per_atom=1089.2 meV, RMSE_F=369.8 meV / A
2025-06-20 22:32:03.140 INFO: Epoch 138: loss=1.7753, RMSE_E_per_atom=1008.5 meV, RMSE_F=406.8 meV / A
2025-06-20 22:32:03.566 INFO: Epoch 140: loss=1.4886, RMSE_E_per_atom=948.1 meV, RMSE_F=370.4 meV / A
2025-06-20 22:32:04.012 INFO: Epoch 142: loss=1.4138, RMSE_E_per_atom=882.9 meV, RMSE_F=362.3 meV / A
2025-06-20 22:32:04.430 INFO: Epoch 144: loss=1.9878, RMSE_E_per_atom=911.8 meV, RMSE_F=432.7 meV / A
2025-06-20 22:32:04.856 INFO: Epoch 146: loss=2.1165, RMSE_E_per_atom=853.0 meV, RMSE_F=451.2 meV / A
2025-06-20 22:32:05.279 INFO: Epoch 148: loss=1.6298, RMSE_E_per_atom=863.1 meV, RMSE_F=391.5 meV / A
2025-06-20 22:32:05.700 INFO: Epoch 150: loss=1.5606, RMSE_E_per_atom=823.5 meV, RMSE_F=383.3 meV / A
2025-06-20 22:32:06.120 INFO: Epoch 152: loss=1.4517, RMSE_E_per_atom=813.2 meV, RMSE_F=369.7 meV / A
2025-06-20 22:32:06.542 INFO: Epoch 154: loss=1.6810, RMSE_E_per_atom=819.5 meV, RMSE_F=399.1 meV / A
2025-06-20 22:32:06.970 INFO: Epoch 156: loss=1.7377, RMSE_E_per_atom=790.5 meV, RMSE_F=406.2 meV / A
2025-06-20 22:32:07.399 INFO: Epoch 158: loss=1.8100, RMSE_E_per_atom=791.3 meV, RMSE_F=414.7 meV / A
2025-06-20 22:32:07.823 INFO: Epoch 160: loss=1.4809, RMSE_E_per_atom=779.5 meV, RMSE_F=374.3 meV / A
2025-06-20 22:32:08.251 INFO: Epoch 162: loss=1.4240, RMSE_E_per_atom=761.4 meV, RMSE_F=366.5 meV / A
2025-06-20 22:32:08.667 INFO: Epoch 164: loss=1.5659, RMSE_E_per_atom=736.9 meV, RMSE_F=385.3 meV / A
2025-06-20 22:32:09.095 INFO: Epoch 166: loss=1.6490, RMSE_E_per_atom=713.5 meV, RMSE_F=396.7 meV / A
2025-06-20 22:32:09.523 INFO: Epoch 168: loss=1.5387, RMSE_E_per_atom=716.6 meV, RMSE_F=382.5 meV / A
2025-06-20 22:32:09.948 INFO: Epoch 170: loss=1.4465, RMSE_E_per_atom=729.6 meV, RMSE_F=370.3 meV / A
2025-06-20 22:32:10.363 INFO: Epoch 172: loss=1.2921, RMSE_E_per_atom=704.7 meV, RMSE_F=349.3 meV / A
2025-06-20 22:32:10.797 INFO: Epoch 174: loss=1.3619, RMSE_E_per_atom=665.4 meV, RMSE_F=359.6 meV / A
2025-06-20 22:32:11.215 INFO: Epoch 176: loss=1.4625, RMSE_E_per_atom=664.7 meV, RMSE_F=373.9 meV / A
2025-06-20 22:32:11.644 INFO: Epoch 178: loss=1.4632, RMSE_E_per_atom=633.7 meV, RMSE_F=373.8 meV / A
2025-06-20 22:32:12.107 INFO: Epoch 180: loss=1.4483, RMSE_E_per_atom=631.2 meV, RMSE_F=371.9 meV / A
2025-06-20 22:32:12.549 INFO: Epoch 182: loss=1.2625, RMSE_E_per_atom=622.7 meV, RMSE_F=346.7 meV / A
2025-06-20 22:32:13.002 INFO: Epoch 184: loss=1.1741, RMSE_E_per_atom=595.1 meV, RMSE_F=334.0 meV / A
2025-06-20 22:32:13.429 INFO: Epoch 186: loss=1.3473, RMSE_E_per_atom=602.4 meV, RMSE_F=358.9 meV / A
2025-06-20 22:32:13.855 INFO: Epoch 188: loss=1.4699, RMSE_E_per_atom=567.9 meV, RMSE_F=375.6 meV / A
2025-06-20 22:32:14.279 INFO: Epoch 190: loss=1.4796, RMSE_E_per_atom=560.1 meV, RMSE_F=377.4 meV / A
2025-06-20 22:32:14.706 INFO: Epoch 192: loss=1.3581, RMSE_E_per_atom=553.3 meV, RMSE_F=360.9 meV / A
2025-06-20 22:32:15.129 INFO: Epoch 194: loss=1.1399, RMSE_E_per_atom=530.0 meV, RMSE_F=329.0 meV / A
2025-06-20 22:32:15.579 INFO: Epoch 196: loss=1.3771, RMSE_E_per_atom=518.1 meV, RMSE_F=364.4 meV / A
2025-06-20 22:32:16.003 INFO: Epoch 198: loss=1.4621, RMSE_E_per_atom=476.5 meV, RMSE_F=376.3 meV / A
2025-06-20 22:32:16.425 INFO: Epoch 200: loss=1.3239, RMSE_E_per_atom=497.8 meV, RMSE_F=356.4 meV / A
2025-06-20 22:32:16.852 INFO: Epoch 202: loss=1.2195, RMSE_E_per_atom=473.7 meV, RMSE_F=341.9 meV / A
2025-06-20 22:32:17.334 INFO: Epoch 204: loss=1.1078, RMSE_E_per_atom=446.8 meV, RMSE_F=325.7 meV / A
2025-06-20 22:32:17.789 INFO: Epoch 206: loss=1.3749, RMSE_E_per_atom=463.1 meV, RMSE_F=364.1 meV / A
2025-06-20 22:32:18.209 INFO: Epoch 208: loss=1.2836, RMSE_E_per_atom=433.6 meV, RMSE_F=352.0 meV / A
2025-06-20 22:32:18.636 INFO: Epoch 210: loss=1.0895, RMSE_E_per_atom=436.7 meV, RMSE_F=322.8 meV / A
2025-06-20 22:32:19.089 INFO: Epoch 212: loss=1.3115, RMSE_E_per_atom=436.5 meV, RMSE_F=355.8 meV / A
2025-06-20 22:32:19.518 INFO: Epoch 214: loss=1.3135, RMSE_E_per_atom=418.4 meV, RMSE_F=356.0 meV / A
2025-06-20 22:32:19.938 INFO: Epoch 216: loss=1.1344, RMSE_E_per_atom=415.1 meV, RMSE_F=329.5 meV / A
2025-06-20 22:32:20.345 INFO: Epoch 218: loss=1.1255, RMSE_E_per_atom=389.8 meV, RMSE_F=329.1 meV / A
2025-06-20 22:32:20.775 INFO: Epoch 220: loss=1.2236, RMSE_E_per_atom=388.1 meV, RMSE_F=343.4 meV / A
2025-06-20 22:32:21.199 INFO: Epoch 222: loss=1.1679, RMSE_E_per_atom=371.2 meV, RMSE_F=335.4 meV / A
2025-06-20 22:32:21.623 INFO: Epoch 224: loss=1.3395, RMSE_E_per_atom=349.5 meV, RMSE_F=360.1 meV / A
2025-06-20 22:32:21.623 INFO: Changing loss based on SWA
2025-06-20 22:32:22.061 INFO: Epoch 226: loss=5.2762, RMSE_E_per_atom=191.4 meV, RMSE_F=398.4 meV / A
2025-06-20 22:32:22.512 INFO: Epoch 228: loss=2.8771, RMSE_E_per_atom=109.7 meV, RMSE_F=406.5 meV / A
2025-06-20 22:32:22.970 INFO: Epoch 230: loss=2.1458, RMSE_E_per_atom=97.7 meV, RMSE_F=342.0 meV / A
2025-06-20 22:32:23.425 INFO: Epoch 232: loss=2.2042, RMSE_E_per_atom=108.8 meV, RMSE_F=315.5 meV / A
2025-06-20 22:32:23.857 INFO: Epoch 234: loss=1.3647, RMSE_E_per_atom=57.4 meV, RMSE_F=317.3 meV / A
2025-06-20 22:32:24.308 INFO: Epoch 236: loss=1.3212, RMSE_E_per_atom=54.1 meV, RMSE_F=316.1 meV / A
2025-06-20 22:32:24.765 INFO: Epoch 238: loss=1.3825, RMSE_E_per_atom=56.7 meV, RMSE_F=321.6 meV / A
2025-06-20 22:32:25.198 INFO: Epoch 240: loss=1.2777, RMSE_E_per_atom=48.5 meV, RMSE_F=318.7 meV / A
2025-06-20 22:32:25.659 INFO: Epoch 242: loss=1.2980, RMSE_E_per_atom=52.0 meV, RMSE_F=316.0 meV / A
2025-06-20 22:32:26.095 INFO: Epoch 244: loss=1.2134, RMSE_E_per_atom=41.6 meV, RMSE_F=318.1 meV / A
2025-06-20 22:32:26.557 INFO: Epoch 246: loss=1.2948, RMSE_E_per_atom=48.7 meV, RMSE_F=320.8 meV / A
2025-06-20 22:32:26.994 INFO: Epoch 248: loss=1.1973, RMSE_E_per_atom=40.3 meV, RMSE_F=317.3 meV / A
2025-06-20 22:32:27.432 INFO: Epoch 250: loss=1.1649, RMSE_E_per_atom=38.0 meV, RMSE_F=315.0 meV / A
2025-06-20 22:32:27.889 INFO: Epoch 252: loss=1.1478, RMSE_E_per_atom=33.2 meV, RMSE_F=317.9 meV / A
2025-06-20 22:32:28.349 INFO: Epoch 254: loss=1.1317, RMSE_E_per_atom=32.1 meV, RMSE_F=316.2 meV / A
2025-06-20 22:32:28.810 INFO: Epoch 256: loss=1.1344, RMSE_E_per_atom=31.3 meV, RMSE_F=317.4 meV / A
2025-06-20 22:32:29.248 INFO: Epoch 258: loss=1.1259, RMSE_E_per_atom=29.9 meV, RMSE_F=317.1 meV / A
2025-06-20 22:32:29.703 INFO: Epoch 260: loss=1.1674, RMSE_E_per_atom=36.8 meV, RMSE_F=316.7 meV / A
2025-06-20 22:32:30.142 INFO: Epoch 262: loss=1.1039, RMSE_E_per_atom=27.9 meV, RMSE_F=315.6 meV / A
2025-06-20 22:32:30.595 INFO: Epoch 264: loss=1.1038, RMSE_E_per_atom=27.5 meV, RMSE_F=315.8 meV / A
2025-06-20 22:32:31.053 INFO: Epoch 266: loss=1.1564, RMSE_E_per_atom=34.4 meV, RMSE_F=317.3 meV / A
2025-06-20 22:32:31.489 INFO: Epoch 268: loss=1.1129, RMSE_E_per_atom=28.2 meV, RMSE_F=316.5 meV / A
2025-06-20 22:32:31.925 INFO: Epoch 270: loss=1.0952, RMSE_E_per_atom=27.8 meV, RMSE_F=314.3 meV / A
2025-06-20 22:32:32.367 INFO: Epoch 272: loss=1.1164, RMSE_E_per_atom=30.8 meV, RMSE_F=314.7 meV / A
2025-06-20 22:32:32.848 INFO: Epoch 274: loss=1.1181, RMSE_E_per_atom=31.0 meV, RMSE_F=314.7 meV / A
2025-06-20 22:32:33.277 INFO: Epoch 276: loss=1.0910, RMSE_E_per_atom=26.9 meV, RMSE_F=314.3 meV / A
2025-06-20 22:32:33.721 INFO: Epoch 278: loss=1.1411, RMSE_E_per_atom=33.9 meV, RMSE_F=315.2 meV / A
2025-06-20 22:32:34.158 INFO: Epoch 280: loss=1.0783, RMSE_E_per_atom=24.7 meV, RMSE_F=314.0 meV / A
2025-06-20 22:32:34.611 INFO: Epoch 282: loss=1.0999, RMSE_E_per_atom=26.6 meV, RMSE_F=315.8 meV / A
2025-06-20 22:32:35.042 INFO: Epoch 284: loss=1.1465, RMSE_E_per_atom=36.3 meV, RMSE_F=313.3 meV / A
2025-06-20 22:32:35.452 INFO: Epoch 286: loss=1.1090, RMSE_E_per_atom=29.5 meV, RMSE_F=314.8 meV / A
2025-06-20 22:32:35.886 INFO: Epoch 288: loss=1.0910, RMSE_E_per_atom=25.2 meV, RMSE_F=315.4 meV / A
2025-06-20 22:32:36.312 INFO: Epoch 290: loss=1.0912, RMSE_E_per_atom=28.8 meV, RMSE_F=312.2 meV / A
2025-06-20 22:32:36.743 INFO: Epoch 292: loss=1.0968, RMSE_E_per_atom=30.3 meV, RMSE_F=311.9 meV / A
2025-06-20 22:32:37.176 INFO: Epoch 294: loss=1.1000, RMSE_E_per_atom=28.6 meV, RMSE_F=314.0 meV / A
2025-06-20 22:32:37.611 INFO: Epoch 296: loss=1.1353, RMSE_E_per_atom=35.8 meV, RMSE_F=312.1 meV / A
2025-06-20 22:32:38.033 INFO: Epoch 298: loss=1.1034, RMSE_E_per_atom=28.3 meV, RMSE_F=314.5 meV / A
2025-06-20 22:32:38.166 INFO: Training complete
2025-06-20 22:32:38.166 INFO: Computing metrics for training, validation, and test sets
2025-06-20 22:32:38.225 INFO: Loading checkpoint: MACE_models/mace02_com2_run-345_epoch-210.pt
2025-06-20 22:32:38.255 INFO: Loaded model from epoch 210
2025-06-20 22:32:38.255 INFO: Evaluating train ...
2025-06-20 22:32:38.310 INFO: Evaluating valid ...
2025-06-20 22:32:38.395 INFO: Evaluating Default ...
2025-06-20 22:32:38.566 INFO: 
+-------------+---------------------+------------------+-------------------+
| config_type | RMSE E / meV / atom | RMSE F / meV / A | relative F RMSE % |
+-------------+---------------------+------------------+-------------------+
|    train    |        428.9        |      204.2       |       11.00       |
|    valid    |        436.7        |      322.8       |       18.50       |
|   Default   |        430.9        |      526.3       |       20.55       |
+-------------+---------------------+------------------+-------------------+
2025-06-20 22:32:38.566 INFO: Saving model to MACE_models/mace02_com2_run-345.model
2025-06-20 22:32:38.650 INFO: Compiling model, saving metadata to MACE_models/mace02_com2_compiled.model
2025-06-20 22:32:39.308 INFO: Loading checkpoint: MACE_models/mace02_com2_run-345_epoch-280_swa.pt
2025-06-20 22:32:39.332 INFO: Loaded model from epoch 280
2025-06-20 22:32:39.332 INFO: Evaluating train ...
2025-06-20 22:32:39.396 INFO: Evaluating valid ...
2025-06-20 22:32:39.488 INFO: Evaluating Default ...
2025-06-20 22:32:39.648 INFO: 
+-------------+---------------------+------------------+-------------------+
| config_type | RMSE E / meV / atom | RMSE F / meV / A | relative F RMSE % |
+-------------+---------------------+------------------+-------------------+
|    train    |         18.7        |      180.0       |        9.70       |
|    valid    |         24.7        |      314.0       |       17.99       |
|   Default   |         25.2        |      512.0       |       20.00       |
+-------------+---------------------+------------------+-------------------+
2025-06-20 22:32:39.648 INFO: Saving model to MACE_models/mace02_com2_run-345_swa.model
2025-06-20 22:32:39.729 INFO: Compiling model, saving metadata MACE_models/mace02_com2_swa_compiled.model
2025-06-20 22:32:40.330 INFO: Done
2025-06-21 23:12:58.925 INFO: MACE version: 0.3.6
2025-06-21 23:12:58.925 INFO: Configuration: Namespace(config=None, name='mace02_com2', seed=345, log_dir='MACE_models', model_dir='MACE_models', checkpoints_dir='MACE_models', results_dir='MACE_models', downloads_dir='downloads', device='cuda', default_dtype='float64', distributed=False, log_level='INFO', error_table='PerAtomRMSE', model='MACE', r_max=4.0, radial_type='bessel', num_radial_basis=8, num_cutoff_basis=5, pair_repulsion=False, distance_transform='None', interaction='RealAgnosticResidualInteractionBlock', interaction_first='RealAgnosticResidualInteractionBlock', max_ell=2, correlation=2, num_interactions=2, MLP_irreps='16x0e', radial_MLP='[64, 64, 64]', hidden_irreps='128x0e + 128x1o', num_channels=16, max_L=0, gate='silu', scaling='rms_forces_scaling', avg_num_neighbors=1, compute_avg_num_neighbors=True, compute_stress=False, compute_forces=True, train_file='data/solvent_xtb_train_50.xyz', valid_file=None, valid_fraction=0.6, test_file='data/solvent_xtb_test.xyz', test_dir=None, multi_processed_test=False, num_workers=0, pin_memory=True, atomic_numbers=None, mean=None, std=None, statistics_file=None, E0s='average', keep_isolated_atoms=False, energy_key='energy_xtb', forces_key='forces_xtb', virials_key='virials', stress_key='stress', dipole_key='dipole', charges_key='charges', loss='weighted', forces_weight=100.0, swa_forces_weight=100.0, energy_weight=1.0, swa_energy_weight=1000.0, virials_weight=1.0, swa_virials_weight=10.0, stress_weight=1.0, swa_stress_weight=10.0, dipole_weight=1.0, swa_dipole_weight=1.0, config_type_weights='{"Default":1.0}', huber_delta=0.01, optimizer='adam', beta=0.9, batch_size=10, valid_batch_size=10, lr=0.01, swa_lr=0.001, weight_decay=5e-07, amsgrad=True, scheduler='ReduceLROnPlateau', lr_factor=0.8, scheduler_patience=50, lr_scheduler_gamma=0.9993, swa=True, start_swa=None, ema=False, ema_decay=0.99, max_num_epochs=300, patience=2048, foundation_model=None, foundation_model_readout=True, eval_interval=2, keep_checkpoints=False, save_all_checkpoints=False, restart_latest=False, save_cpu=False, clip_grad=10.0, wandb=False, wandb_dir=None, wandb_project='', wandb_entity='', wandb_name='', wandb_log_hypers=['num_channels', 'max_L', 'correlation', 'lr', 'swa_lr', 'weight_decay', 'batch_size', 'max_num_epochs', 'start_swa', 'energy_weight', 'forces_weight'])
2025-06-21 23:12:59.006 INFO: CUDA version: 12.1, CUDA device: 0
2025-06-21 23:12:59.044 INFO: Current Git commit: 3b7b691f60afdffc0cd66948e333883ae1689cd8
2025-06-21 23:12:59.080 INFO: Since ASE version 3.23.0b1, using stress_key 'stress' is no longer safe when communicating between MACE and ASE. We recommend using a different key, rewriting energies to 'REF_stress'. You need to use --stress_key='REF_stress', to tell the key name chosen.
2025-06-21 23:12:59.080 INFO: Using isolated atom energies from training file
2025-06-21 23:12:59.081 INFO: Loaded 50 training configurations from 'data/solvent_xtb_train_50.xyz'
2025-06-21 23:12:59.081 INFO: Using random 60.0% of training set for validation
2025-06-21 23:12:59.109 INFO: Since ASE version 3.23.0b1, using stress_key 'stress' is no longer safe when communicating between MACE and ASE. We recommend using a different key, rewriting energies to 'REF_stress'. You need to use --stress_key='REF_stress', to tell the key name chosen.
2025-06-21 23:12:59.110 INFO: Loaded 50 test configurations from 'data/solvent_xtb_test.xyz'
2025-06-21 23:12:59.110 INFO: Total number of configurations: train=20, valid=30, tests=[Default: 50]
2025-06-21 23:12:59.111 INFO: AtomicNumberTable: (1, 6, 8)
2025-06-21 23:12:59.111 INFO: Atomic energies: [-10.707211383396714, -48.847445262804705, -102.57117256025786]
2025-06-21 23:12:59.155 INFO: WeightedEnergyForcesLoss(energy_weight=1.000, forces_weight=100.000)
2025-06-21 23:12:59.302 INFO: Average number of neighbors: 9.807763401109057
2025-06-21 23:12:59.302 INFO: Selected the following outputs: {'energy': True, 'forces': True, 'virials': False, 'stress': False, 'dipoles': False}
2025-06-21 23:12:59.308 INFO: Building model
2025-06-21 23:12:59.309 INFO: Hidden irreps: 16x0e
2025-06-21 23:13:00.094 INFO: Using stochastic weight averaging (after 225 epochs) with energy weight : 1000.0, forces weight : 100.0 and learning rate : 0.001
2025-06-21 23:13:00.156 INFO: ScaleShiftMACE(
  (node_embedding): LinearNodeEmbeddingBlock(
    (linear): Linear(3x0e -> 16x0e | 48 weights)
  )
  (radial_embedding): RadialEmbeddingBlock(
    (bessel_fn): BesselBasis(r_max=4.0, num_basis=8, trainable=False)
    (cutoff_fn): PolynomialCutoff(p=5.0, r_max=4.0)
  )
  (spherical_harmonics): SphericalHarmonics()
  (atomic_energies_fn): AtomicEnergiesBlock(energies=[-10.7072, -48.8474, -102.5712])
  (interactions): ModuleList(
    (0): RealAgnosticInteractionBlock(
      (linear_up): Linear(16x0e -> 16x0e | 256 weights)
      (conv_tp): TensorProduct(16x0e x 1x0e+1x1o+1x2e -> 16x0e+16x1o+16x2e | 48 paths | 48 weights)
      (conv_tp_weights): FullyConnectedNet[8, 64, 64, 64, 48]
      (linear): Linear(16x0e+16x1o+16x2e -> 16x0e+16x1o+16x2e | 768 weights)
      (skip_tp): FullyConnectedTensorProduct(16x0e+16x1o+16x2e x 3x0e -> 16x0e+16x1o+16x2e | 2304 paths | 2304 weights)
      (reshape): reshape_irreps()
    )
    (1): RealAgnosticResidualInteractionBlock(
      (linear_up): Linear(16x0e -> 16x0e | 256 weights)
      (conv_tp): TensorProduct(16x0e x 1x0e+1x1o+1x2e -> 16x0e+16x1o+16x2e | 48 paths | 48 weights)
      (conv_tp_weights): FullyConnectedNet[8, 64, 64, 64, 48]
      (linear): Linear(16x0e+16x1o+16x2e -> 16x0e+16x1o+16x2e | 768 weights)
      (skip_tp): FullyConnectedTensorProduct(16x0e x 3x0e -> 16x0e | 768 paths | 768 weights)
      (reshape): reshape_irreps()
    )
  )
  (products): ModuleList(
    (0-1): 2 x EquivariantProductBasisBlock(
      (symmetric_contractions): SymmetricContraction(
        (contractions): ModuleList(
          (0): Contraction(
            (contractions_weighting): ModuleList(
              (0): GraphModule()
            )
            (contractions_features): ModuleList(
              (0): GraphModule()
            )
            (weights): ParameterList(  (0): Parameter containing: [torch.float64 of size 3x1x16 (cuda:0)])
            (graph_opt_main): GraphModule()
          )
        )
      )
      (linear): Linear(16x0e -> 16x0e | 256 weights)
    )
  )
  (readouts): ModuleList(
    (0): LinearReadoutBlock(
      (linear): Linear(16x0e -> 1x0e | 16 weights)
    )
    (1): NonLinearReadoutBlock(
      (linear_1): Linear(16x0e -> 16x0e | 256 weights)
      (non_linearity): Activation [x] (16x0e -> 16x0e)
      (linear_2): Linear(16x0e -> 1x0e | 16 weights)
    )
  )
  (scale_shift): ScaleShiftBlock(scale=1.855409, shift=0.000000)
)
2025-06-21 23:13:00.157 INFO: Number of parameters: 29904
2025-06-21 23:13:00.158 INFO: Optimizer: Adam (
Parameter Group 0
    amsgrad: True
    betas: (0.9, 0.999)
    capturable: False
    differentiable: False
    eps: 1e-08
    foreach: None
    fused: None
    initial_lr: 0.01
    lr: 0.01
    maximize: False
    name: embedding
    swa_lr: 0.001
    weight_decay: 0.0

Parameter Group 1
    amsgrad: True
    betas: (0.9, 0.999)
    capturable: False
    differentiable: False
    eps: 1e-08
    foreach: None
    fused: None
    initial_lr: 0.01
    lr: 0.01
    maximize: False
    name: interactions_decay
    swa_lr: 0.001
    weight_decay: 5e-07

Parameter Group 2
    amsgrad: True
    betas: (0.9, 0.999)
    capturable: False
    differentiable: False
    eps: 1e-08
    foreach: None
    fused: None
    initial_lr: 0.01
    lr: 0.01
    maximize: False
    name: interactions_no_decay
    swa_lr: 0.001
    weight_decay: 0.0

Parameter Group 3
    amsgrad: True
    betas: (0.9, 0.999)
    capturable: False
    differentiable: False
    eps: 1e-08
    foreach: None
    fused: None
    initial_lr: 0.01
    lr: 0.01
    maximize: False
    name: products
    swa_lr: 0.001
    weight_decay: 5e-07

Parameter Group 4
    amsgrad: True
    betas: (0.9, 0.999)
    capturable: False
    differentiable: False
    eps: 1e-08
    foreach: None
    fused: None
    initial_lr: 0.01
    lr: 0.01
    maximize: False
    name: readouts
    swa_lr: 0.001
    weight_decay: 0.0
)
2025-06-21 23:13:00.158 INFO: Using gradient clipping with tolerance=10.000
2025-06-21 23:13:00.158 INFO: Started training
2025-06-21 23:13:01.592 INFO: Epoch None: loss=34.5809, RMSE_E_per_atom=6203.4 meV, RMSE_F=1737.4 meV / A
2025-06-21 23:13:03.379 INFO: Epoch 0: loss=33.1863, RMSE_E_per_atom=6182.9 meV, RMSE_F=1698.3 meV / A
2025-06-21 23:13:07.318 INFO: Epoch 2: loss=29.1137, RMSE_E_per_atom=6105.0 meV, RMSE_F=1577.5 meV / A
2025-06-21 23:13:07.704 INFO: Epoch 4: loss=23.4334, RMSE_E_per_atom=5945.5 meV, RMSE_F=1392.1 meV / A
2025-06-21 23:13:08.149 INFO: Epoch 6: loss=21.2580, RMSE_E_per_atom=5713.5 meV, RMSE_F=1325.5 meV / A
2025-06-21 23:13:08.618 INFO: Epoch 8: loss=19.0115, RMSE_E_per_atom=5627.3 meV, RMSE_F=1241.8 meV / A
2025-06-21 23:13:09.072 INFO: Epoch 10: loss=15.7131, RMSE_E_per_atom=5561.5 meV, RMSE_F=1106.8 meV / A
2025-06-21 23:13:09.518 INFO: Epoch 12: loss=14.3860, RMSE_E_per_atom=5460.8 meV, RMSE_F=1051.4 meV / A
2025-06-21 23:13:09.964 INFO: Epoch 14: loss=13.7805, RMSE_E_per_atom=5312.9 meV, RMSE_F=1031.7 meV / A
2025-06-21 23:13:10.411 INFO: Epoch 16: loss=13.6795, RMSE_E_per_atom=5286.3 meV, RMSE_F=1028.6 meV / A
2025-06-21 23:13:10.863 INFO: Epoch 18: loss=12.7050, RMSE_E_per_atom=5261.0 meV, RMSE_F=983.1 meV / A
2025-06-21 23:13:11.312 INFO: Epoch 20: loss=11.1714, RMSE_E_per_atom=5041.6 meV, RMSE_F=918.0 meV / A
2025-06-21 23:13:11.752 INFO: Epoch 22: loss=10.5621, RMSE_E_per_atom=4943.8 meV, RMSE_F=891.9 meV / A
2025-06-21 23:13:12.192 INFO: Epoch 24: loss=9.1146, RMSE_E_per_atom=4909.5 meV, RMSE_F=811.2 meV / A
2025-06-21 23:13:12.636 INFO: Epoch 26: loss=8.4724, RMSE_E_per_atom=4885.5 meV, RMSE_F=773.6 meV / A
2025-06-21 23:13:13.073 INFO: Epoch 28: loss=7.7018, RMSE_E_per_atom=4840.5 meV, RMSE_F=725.6 meV / A
2025-06-21 23:13:13.349 INFO: Epoch 30: loss=6.5708, RMSE_E_per_atom=4728.4 meV, RMSE_F=654.8 meV / A
2025-06-21 23:13:13.677 INFO: Epoch 32: loss=6.2040, RMSE_E_per_atom=4684.0 meV, RMSE_F=630.3 meV / A
2025-06-21 23:13:14.019 INFO: Epoch 34: loss=5.8311, RMSE_E_per_atom=4688.6 meV, RMSE_F=599.6 meV / A
2025-06-21 23:13:14.295 INFO: Epoch 36: loss=5.4265, RMSE_E_per_atom=4604.4 meV, RMSE_F=573.5 meV / A
2025-06-21 23:13:14.606 INFO: Epoch 38: loss=5.3387, RMSE_E_per_atom=4556.8 meV, RMSE_F=570.4 meV / A
2025-06-21 23:13:14.896 INFO: Epoch 40: loss=5.0113, RMSE_E_per_atom=4517.7 meV, RMSE_F=544.2 meV / A
2025-06-21 23:13:15.236 INFO: Epoch 42: loss=4.8539, RMSE_E_per_atom=4486.7 meV, RMSE_F=531.6 meV / A
2025-06-21 23:13:15.523 INFO: Epoch 44: loss=4.8785, RMSE_E_per_atom=4404.6 meV, RMSE_F=540.6 meV / A
2025-06-21 23:13:15.813 INFO: Epoch 46: loss=4.5669, RMSE_E_per_atom=4372.9 meV, RMSE_F=514.2 meV / A
2025-06-21 23:13:16.086 INFO: Epoch 48: loss=4.4436, RMSE_E_per_atom=4326.5 meV, RMSE_F=506.2 meV / A
2025-06-21 23:13:16.355 INFO: Epoch 50: loss=4.1830, RMSE_E_per_atom=4259.2 meV, RMSE_F=485.9 meV / A
2025-06-21 23:13:16.651 INFO: Epoch 52: loss=4.1140, RMSE_E_per_atom=4189.8 meV, RMSE_F=484.9 meV / A
2025-06-21 23:13:16.930 INFO: Epoch 54: loss=3.8674, RMSE_E_per_atom=4140.3 meV, RMSE_F=463.6 meV / A
2025-06-21 23:13:17.269 INFO: Epoch 56: loss=3.6466, RMSE_E_per_atom=4002.4 meV, RMSE_F=452.4 meV / A
2025-06-21 23:13:17.630 INFO: Epoch 58: loss=3.8555, RMSE_E_per_atom=3910.7 meV, RMSE_F=482.5 meV / A
2025-06-21 23:13:17.946 INFO: Epoch 60: loss=3.5200, RMSE_E_per_atom=3794.0 meV, RMSE_F=456.2 meV / A
2025-06-21 23:13:18.273 INFO: Epoch 62: loss=3.2407, RMSE_E_per_atom=3647.2 meV, RMSE_F=436.9 meV / A
2025-06-21 23:13:18.603 INFO: Epoch 64: loss=3.1706, RMSE_E_per_atom=3560.5 meV, RMSE_F=436.2 meV / A
2025-06-21 23:13:18.883 INFO: Epoch 66: loss=3.1539, RMSE_E_per_atom=3497.5 meV, RMSE_F=439.9 meV / A
2025-06-21 23:13:19.205 INFO: Epoch 68: loss=2.9549, RMSE_E_per_atom=3356.4 meV, RMSE_F=428.2 meV / A
2025-06-21 23:13:19.525 INFO: Epoch 70: loss=3.0547, RMSE_E_per_atom=3241.3 meV, RMSE_F=448.2 meV / A
2025-06-21 23:13:19.827 INFO: Epoch 72: loss=3.0049, RMSE_E_per_atom=3198.7 meV, RMSE_F=446.9 meV / A
2025-06-21 23:13:20.127 INFO: Epoch 74: loss=2.5379, RMSE_E_per_atom=3082.3 meV, RMSE_F=399.6 meV / A
2025-06-21 23:13:20.400 INFO: Epoch 76: loss=2.7334, RMSE_E_per_atom=3008.6 meV, RMSE_F=428.6 meV / A
2025-06-21 23:13:20.694 INFO: Epoch 78: loss=2.7294, RMSE_E_per_atom=2976.7 meV, RMSE_F=429.7 meV / A
2025-06-21 23:13:21.019 INFO: Epoch 80: loss=2.5050, RMSE_E_per_atom=2876.3 meV, RMSE_F=410.2 meV / A
2025-06-21 23:13:21.296 INFO: Epoch 82: loss=2.5122, RMSE_E_per_atom=2839.7 meV, RMSE_F=413.5 meV / A
2025-06-21 23:13:21.570 INFO: Epoch 84: loss=2.6033, RMSE_E_per_atom=2777.8 meV, RMSE_F=428.3 meV / A
2025-06-21 23:13:21.871 INFO: Epoch 86: loss=2.5631, RMSE_E_per_atom=2684.3 meV, RMSE_F=429.7 meV / A
2025-06-21 23:13:22.210 INFO: Epoch 88: loss=2.4807, RMSE_E_per_atom=2652.9 meV, RMSE_F=422.1 meV / A
2025-06-21 23:13:22.489 INFO: Epoch 90: loss=2.5061, RMSE_E_per_atom=2528.8 meV, RMSE_F=432.6 meV / A
2025-06-21 23:13:22.822 INFO: Epoch 92: loss=2.3483, RMSE_E_per_atom=2522.7 meV, RMSE_F=413.3 meV / A
2025-06-21 23:13:23.263 INFO: Epoch 94: loss=2.9276, RMSE_E_per_atom=2445.7 meV, RMSE_F=482.2 meV / A
2025-06-21 23:13:23.686 INFO: Epoch 96: loss=3.6094, RMSE_E_per_atom=2299.1 meV, RMSE_F=555.5 meV / A
2025-06-21 23:13:24.114 INFO: Epoch 98: loss=2.8812, RMSE_E_per_atom=2320.5 meV, RMSE_F=482.4 meV / A
2025-06-21 23:13:24.538 INFO: Epoch 100: loss=2.4095, RMSE_E_per_atom=2214.8 meV, RMSE_F=437.0 meV / A
2025-06-21 23:13:24.964 INFO: Epoch 102: loss=2.0747, RMSE_E_per_atom=2182.9 meV, RMSE_F=398.5 meV / A
2025-06-21 23:13:25.409 INFO: Epoch 104: loss=2.0643, RMSE_E_per_atom=2139.9 meV, RMSE_F=399.8 meV / A
2025-06-21 23:13:25.852 INFO: Epoch 106: loss=2.4487, RMSE_E_per_atom=2077.3 meV, RMSE_F=448.5 meV / A
2025-06-21 23:13:26.285 INFO: Epoch 108: loss=2.1980, RMSE_E_per_atom=2053.7 meV, RMSE_F=419.4 meV / A
2025-06-21 23:13:26.711 INFO: Epoch 110: loss=1.9468, RMSE_E_per_atom=1969.8 meV, RMSE_F=393.0 meV / A
2025-06-21 23:13:27.166 INFO: Epoch 112: loss=2.0860, RMSE_E_per_atom=1921.6 meV, RMSE_F=412.0 meV / A
2025-06-21 23:13:27.587 INFO: Epoch 114: loss=1.8961, RMSE_E_per_atom=1872.6 meV, RMSE_F=390.9 meV / A
2025-06-21 23:13:28.040 INFO: Epoch 116: loss=1.8731, RMSE_E_per_atom=1789.4 meV, RMSE_F=392.1 meV / A
2025-06-21 23:13:28.492 INFO: Epoch 118: loss=2.3850, RMSE_E_per_atom=1717.8 meV, RMSE_F=454.7 meV / A
2025-06-21 23:13:28.923 INFO: Epoch 120: loss=1.7544, RMSE_E_per_atom=1691.3 meV, RMSE_F=381.0 meV / A
2025-06-21 23:13:29.379 INFO: Epoch 122: loss=1.8349, RMSE_E_per_atom=1577.8 meV, RMSE_F=396.1 meV / A
2025-06-21 23:13:29.796 INFO: Epoch 124: loss=1.7510, RMSE_E_per_atom=1491.7 meV, RMSE_F=388.7 meV / A
2025-06-21 23:13:30.245 INFO: Epoch 126: loss=1.9397, RMSE_E_per_atom=1445.0 meV, RMSE_F=414.3 meV / A
2025-06-21 23:13:30.658 INFO: Epoch 128: loss=1.5530, RMSE_E_per_atom=1347.2 meV, RMSE_F=367.6 meV / A
2025-06-21 23:13:31.101 INFO: Epoch 130: loss=1.5342, RMSE_E_per_atom=1301.9 meV, RMSE_F=366.4 meV / A
2025-06-21 23:13:31.550 INFO: Epoch 132: loss=1.5854, RMSE_E_per_atom=1164.1 meV, RMSE_F=378.1 meV / A
2025-06-21 23:13:31.978 INFO: Epoch 134: loss=1.7467, RMSE_E_per_atom=1085.4 meV, RMSE_F=400.6 meV / A
2025-06-21 23:13:32.434 INFO: Epoch 136: loss=1.6645, RMSE_E_per_atom=984.4 meV, RMSE_F=393.9 meV / A
2025-06-21 23:13:32.874 INFO: Epoch 138: loss=1.8527, RMSE_E_per_atom=951.5 meV, RMSE_F=417.6 meV / A
2025-06-21 23:13:33.309 INFO: Epoch 140: loss=1.5527, RMSE_E_per_atom=903.7 meV, RMSE_F=380.0 meV / A
2025-06-21 23:13:33.739 INFO: Epoch 142: loss=1.6390, RMSE_E_per_atom=848.4 meV, RMSE_F=392.0 meV / A
2025-06-21 23:13:34.143 INFO: Epoch 144: loss=1.6408, RMSE_E_per_atom=819.8 meV, RMSE_F=393.4 meV / A
2025-06-21 23:13:34.540 INFO: Epoch 146: loss=1.7869, RMSE_E_per_atom=826.5 meV, RMSE_F=411.3 meV / A
2025-06-21 23:13:34.961 INFO: Epoch 148: loss=1.6715, RMSE_E_per_atom=821.5 meV, RMSE_F=397.2 meV / A
2025-06-21 23:13:35.387 INFO: Epoch 150: loss=1.5830, RMSE_E_per_atom=790.1 meV, RMSE_F=387.4 meV / A
2025-06-21 23:13:35.816 INFO: Epoch 152: loss=1.7905, RMSE_E_per_atom=797.3 meV, RMSE_F=412.9 meV / A
2025-06-21 23:13:36.254 INFO: Epoch 154: loss=1.4239, RMSE_E_per_atom=790.5 meV, RMSE_F=366.4 meV / A
2025-06-21 23:13:36.686 INFO: Epoch 156: loss=1.4625, RMSE_E_per_atom=764.6 meV, RMSE_F=371.8 meV / A
2025-06-21 23:13:37.104 INFO: Epoch 158: loss=1.5970, RMSE_E_per_atom=751.4 meV, RMSE_F=389.7 meV / A
2025-06-21 23:13:37.528 INFO: Epoch 160: loss=1.4927, RMSE_E_per_atom=747.5 meV, RMSE_F=376.7 meV / A
2025-06-21 23:13:37.943 INFO: Epoch 162: loss=1.4160, RMSE_E_per_atom=725.2 meV, RMSE_F=366.8 meV / A
2025-06-21 23:13:38.395 INFO: Epoch 164: loss=1.4842, RMSE_E_per_atom=732.3 meV, RMSE_F=375.3 meV / A
2025-06-21 23:13:38.823 INFO: Epoch 166: loss=1.4659, RMSE_E_per_atom=709.3 meV, RMSE_F=373.6 meV / A
2025-06-21 23:13:39.253 INFO: Epoch 168: loss=1.4588, RMSE_E_per_atom=685.8 meV, RMSE_F=372.7 meV / A
2025-06-21 23:13:39.679 INFO: Epoch 170: loss=1.5594, RMSE_E_per_atom=700.4 meV, RMSE_F=385.7 meV / A
2025-06-21 23:13:40.106 INFO: Epoch 172: loss=1.5126, RMSE_E_per_atom=681.7 meV, RMSE_F=380.2 meV / A
2025-06-21 23:13:40.537 INFO: Epoch 174: loss=1.4449, RMSE_E_per_atom=654.6 meV, RMSE_F=371.6 meV / A
2025-06-21 23:13:40.964 INFO: Epoch 176: loss=1.4236, RMSE_E_per_atom=661.3 meV, RMSE_F=368.2 meV / A
2025-06-21 23:13:41.389 INFO: Epoch 178: loss=1.4132, RMSE_E_per_atom=631.7 meV, RMSE_F=367.4 meV / A
2025-06-21 23:13:41.825 INFO: Epoch 180: loss=1.4550, RMSE_E_per_atom=622.2 meV, RMSE_F=373.1 meV / A
2025-06-21 23:13:42.254 INFO: Epoch 182: loss=1.3292, RMSE_E_per_atom=621.2 meV, RMSE_F=356.0 meV / A
2025-06-21 23:13:42.694 INFO: Epoch 184: loss=1.2462, RMSE_E_per_atom=593.7 meV, RMSE_F=344.8 meV / A
2025-06-21 23:13:43.135 INFO: Epoch 186: loss=1.2285, RMSE_E_per_atom=595.9 meV, RMSE_F=341.7 meV / A
2025-06-21 23:13:43.583 INFO: Epoch 188: loss=1.2595, RMSE_E_per_atom=570.5 meV, RMSE_F=346.3 meV / A
2025-06-21 23:13:43.987 INFO: Epoch 190: loss=1.3595, RMSE_E_per_atom=556.5 meV, RMSE_F=361.3 meV / A
2025-06-21 23:13:44.408 INFO: Epoch 192: loss=1.4720, RMSE_E_per_atom=541.8 meV, RMSE_F=376.7 meV / A
2025-06-21 23:13:44.828 INFO: Epoch 194: loss=1.3788, RMSE_E_per_atom=533.0 meV, RMSE_F=363.9 meV / A
2025-06-21 23:13:45.255 INFO: Epoch 196: loss=1.3315, RMSE_E_per_atom=527.9 meV, RMSE_F=357.5 meV / A
2025-06-21 23:13:45.675 INFO: Epoch 198: loss=1.4231, RMSE_E_per_atom=504.0 meV, RMSE_F=370.5 meV / A
2025-06-21 23:13:46.104 INFO: Epoch 200: loss=1.3614, RMSE_E_per_atom=491.8 meV, RMSE_F=362.2 meV / A
2025-06-21 23:13:46.520 INFO: Epoch 202: loss=1.2558, RMSE_E_per_atom=491.4 meV, RMSE_F=346.7 meV / A
2025-06-21 23:13:46.944 INFO: Epoch 204: loss=1.1193, RMSE_E_per_atom=461.9 meV, RMSE_F=327.4 meV / A
2025-06-21 23:13:47.402 INFO: Epoch 206: loss=1.1795, RMSE_E_per_atom=453.8 meV, RMSE_F=336.2 meV / A
2025-06-21 23:13:47.826 INFO: Epoch 208: loss=1.1219, RMSE_E_per_atom=438.9 meV, RMSE_F=328.0 meV / A
2025-06-21 23:13:48.251 INFO: Epoch 210: loss=1.1466, RMSE_E_per_atom=431.2 meV, RMSE_F=331.7 meV / A
2025-06-21 23:13:48.677 INFO: Epoch 212: loss=1.3500, RMSE_E_per_atom=431.7 meV, RMSE_F=361.5 meV / A
2025-06-21 23:13:49.095 INFO: Epoch 214: loss=1.1607, RMSE_E_per_atom=402.6 meV, RMSE_F=333.8 meV / A
2025-06-21 23:13:49.509 INFO: Epoch 216: loss=1.4465, RMSE_E_per_atom=405.9 meV, RMSE_F=373.6 meV / A
2025-06-21 23:13:49.928 INFO: Epoch 218: loss=1.4185, RMSE_E_per_atom=392.4 meV, RMSE_F=370.6 meV / A
2025-06-21 23:13:50.352 INFO: Epoch 220: loss=1.1856, RMSE_E_per_atom=396.6 meV, RMSE_F=337.9 meV / A
2025-06-21 23:13:50.768 INFO: Epoch 222: loss=1.0861, RMSE_E_per_atom=376.9 meV, RMSE_F=322.7 meV / A
2025-06-21 23:13:51.209 INFO: Epoch 224: loss=1.6341, RMSE_E_per_atom=419.2 meV, RMSE_F=399.1 meV / A
2025-06-21 23:13:51.209 INFO: Changing loss based on SWA
2025-06-21 23:13:51.617 INFO: Epoch 226: loss=8.5849, RMSE_E_per_atom=266.9 meV, RMSE_F=378.8 meV / A
2025-06-21 23:13:51.997 INFO: Epoch 228: loss=2.3313, RMSE_E_per_atom=99.1 meV, RMSE_F=363.7 meV / A
2025-06-21 23:13:52.446 INFO: Epoch 230: loss=5.3119, RMSE_E_per_atom=196.8 meV, RMSE_F=375.6 meV / A
2025-06-21 23:13:52.883 INFO: Epoch 232: loss=1.6157, RMSE_E_per_atom=60.1 meV, RMSE_F=350.0 meV / A
2025-06-21 23:13:53.339 INFO: Epoch 234: loss=3.2347, RMSE_E_per_atom=146.3 meV, RMSE_F=326.6 meV / A
2025-06-21 23:13:53.777 INFO: Epoch 236: loss=1.3881, RMSE_E_per_atom=55.4 meV, RMSE_F=324.9 meV / A
2025-06-21 23:13:54.237 INFO: Epoch 238: loss=1.3501, RMSE_E_per_atom=55.9 meV, RMSE_F=318.2 meV / A
2025-06-21 23:13:54.689 INFO: Epoch 240: loss=1.4834, RMSE_E_per_atom=69.3 meV, RMSE_F=312.4 meV / A
2025-06-21 23:13:55.125 INFO: Epoch 242: loss=1.3182, RMSE_E_per_atom=54.8 meV, RMSE_F=314.7 meV / A
2025-06-21 23:13:55.591 INFO: Epoch 244: loss=1.3836, RMSE_E_per_atom=59.3 meV, RMSE_F=317.0 meV / A
2025-06-21 23:13:56.033 INFO: Epoch 246: loss=1.2081, RMSE_E_per_atom=42.5 meV, RMSE_F=316.3 meV / A
2025-06-21 23:13:56.492 INFO: Epoch 248: loss=1.2492, RMSE_E_per_atom=47.7 meV, RMSE_F=315.3 meV / A
2025-06-21 23:13:56.932 INFO: Epoch 250: loss=1.1669, RMSE_E_per_atom=37.8 meV, RMSE_F=316.0 meV / A
2025-06-21 23:13:57.395 INFO: Epoch 252: loss=1.2356, RMSE_E_per_atom=44.4 meV, RMSE_F=318.2 meV / A
2025-06-21 23:13:57.829 INFO: Epoch 254: loss=1.1483, RMSE_E_per_atom=34.4 meV, RMSE_F=316.6 meV / A
2025-06-21 23:13:58.294 INFO: Epoch 256: loss=1.1741, RMSE_E_per_atom=39.5 meV, RMSE_F=314.9 meV / A
2025-06-21 23:13:58.726 INFO: Epoch 258: loss=1.1364, RMSE_E_per_atom=33.6 meV, RMSE_F=315.7 meV / A
2025-06-21 23:13:59.183 INFO: Epoch 260: loss=1.1635, RMSE_E_per_atom=35.6 meV, RMSE_F=317.6 meV / A
2025-06-21 23:13:59.618 INFO: Epoch 262: loss=1.1242, RMSE_E_per_atom=30.8 meV, RMSE_F=316.4 meV / A
2025-06-21 23:14:00.077 INFO: Epoch 264: loss=1.1035, RMSE_E_per_atom=29.7 meV, RMSE_F=314.5 meV / A
2025-06-21 23:14:00.540 INFO: Epoch 266: loss=1.1424, RMSE_E_per_atom=33.1 meV, RMSE_F=316.7 meV / A
2025-06-21 23:14:00.980 INFO: Epoch 268: loss=1.1120, RMSE_E_per_atom=30.0 meV, RMSE_F=315.3 meV / A
2025-06-21 23:14:01.417 INFO: Epoch 270: loss=1.1138, RMSE_E_per_atom=28.7 meV, RMSE_F=316.5 meV / A
2025-06-21 23:14:01.850 INFO: Epoch 272: loss=1.1049, RMSE_E_per_atom=28.7 meV, RMSE_F=315.5 meV / A
2025-06-21 23:14:02.288 INFO: Epoch 274: loss=1.0986, RMSE_E_per_atom=30.0 meV, RMSE_F=313.0 meV / A
2025-06-21 23:14:02.731 INFO: Epoch 276: loss=1.1883, RMSE_E_per_atom=39.4 meV, RMSE_F=316.5 meV / A
2025-06-21 23:14:03.167 INFO: Epoch 278: loss=1.1909, RMSE_E_per_atom=39.2 meV, RMSE_F=317.3 meV / A
2025-06-21 23:14:03.612 INFO: Epoch 280: loss=1.2585, RMSE_E_per_atom=48.3 meV, RMSE_F=315.3 meV / A
2025-06-21 23:14:04.050 INFO: Epoch 282: loss=1.1030, RMSE_E_per_atom=29.7 meV, RMSE_F=313.7 meV / A
2025-06-21 23:14:04.485 INFO: Epoch 284: loss=1.2542, RMSE_E_per_atom=48.6 meV, RMSE_F=314.2 meV / A
2025-06-21 23:14:04.922 INFO: Epoch 286: loss=1.1325, RMSE_E_per_atom=34.2 meV, RMSE_F=313.8 meV / A
2025-06-21 23:14:05.362 INFO: Epoch 288: loss=1.1839, RMSE_E_per_atom=41.2 meV, RMSE_F=313.5 meV / A
2025-06-21 23:14:05.798 INFO: Epoch 290: loss=1.1551, RMSE_E_per_atom=36.4 meV, RMSE_F=314.9 meV / A
2025-06-21 23:14:06.236 INFO: Epoch 292: loss=1.2060, RMSE_E_per_atom=43.3 meV, RMSE_F=314.2 meV / A
2025-06-21 23:14:06.674 INFO: Epoch 294: loss=1.1066, RMSE_E_per_atom=30.9 meV, RMSE_F=313.0 meV / A
2025-06-21 23:14:07.113 INFO: Epoch 296: loss=1.1506, RMSE_E_per_atom=35.1 meV, RMSE_F=315.6 meV / A
2025-06-21 23:14:07.548 INFO: Epoch 298: loss=1.1312, RMSE_E_per_atom=33.1 meV, RMSE_F=314.5 meV / A
2025-06-21 23:14:07.701 INFO: Training complete
2025-06-21 23:14:07.701 INFO: Computing metrics for training, validation, and test sets
2025-06-21 23:14:07.763 INFO: Loading checkpoint: MACE_models/mace02_com2_run-345_epoch-222.pt
2025-06-21 23:14:07.793 INFO: Loaded model from epoch 222
2025-06-21 23:14:07.793 INFO: Evaluating train ...
2025-06-21 23:14:07.851 INFO: Evaluating valid ...
2025-06-21 23:14:07.939 INFO: Evaluating Default ...
2025-06-21 23:14:08.113 INFO: 
+-------------+---------------------+------------------+-------------------+
| config_type | RMSE E / meV / atom | RMSE F / meV / A | relative F RMSE % |
+-------------+---------------------+------------------+-------------------+
|    train    |        368.0        |      198.3       |       10.69       |
|    valid    |        376.9        |      322.7       |       18.49       |
|   Default   |        371.1        |      519.7       |       20.30       |
+-------------+---------------------+------------------+-------------------+
2025-06-21 23:14:08.113 INFO: Saving model to MACE_models/mace02_com2_run-345.model
2025-06-21 23:14:08.197 INFO: Compiling model, saving metadata to MACE_models/mace02_com2_compiled.model
2025-06-21 23:14:08.729 INFO: Loading checkpoint: MACE_models/mace02_com2_run-345_epoch-274_swa.pt
2025-06-21 23:14:08.747 INFO: Loaded model from epoch 274
2025-06-21 23:14:08.748 INFO: Evaluating train ...
2025-06-21 23:14:08.804 INFO: Evaluating valid ...
2025-06-21 23:14:08.886 INFO: Evaluating Default ...
2025-06-21 23:14:09.035 INFO: 
+-------------+---------------------+------------------+-------------------+
| config_type | RMSE E / meV / atom | RMSE F / meV / A | relative F RMSE % |
+-------------+---------------------+------------------+-------------------+
|    train    |         25.2        |      182.8       |        9.85       |
|    valid    |         30.0        |      313.0       |       17.93       |
|   Default   |         30.7        |      512.5       |       20.02       |
+-------------+---------------------+------------------+-------------------+
2025-06-21 23:14:09.035 INFO: Saving model to MACE_models/mace02_com2_run-345_swa.model
2025-06-21 23:14:09.106 INFO: Compiling model, saving metadata MACE_models/mace02_com2_swa_compiled.model
2025-06-21 23:14:09.594 INFO: Done
