2025-06-01 23:47:22.502 INFO: MACE version: 0.3.6
2025-06-01 23:47:22.503 INFO: Configuration: Namespace(config='benchmark_results/mace_learncurve_train2000.yaml', name='mace_learncurve_train2000', seed=123, log_dir='MACE_models', model_dir='MACE_models', checkpoints_dir='MACE_models', results_dir='MACE_models', downloads_dir='downloads', device='cuda', default_dtype='float64', distributed=False, log_level='INFO', error_table='PerAtomRMSE', model='MACE', r_max=4.0, radial_type='bessel', num_radial_basis=8, num_cutoff_basis=5, pair_repulsion=False, distance_transform='None', interaction='RealAgnosticResidualInteractionBlock', interaction_first='RealAgnosticResidualInteractionBlock', max_ell=2, correlation=3, num_interactions=3, MLP_irreps='16x0e', radial_MLP='[64, 64, 64]', hidden_irreps='128x0e + 128x1o', num_channels=64, max_L=2, gate='silu', scaling='rms_forces_scaling', avg_num_neighbors=1, compute_avg_num_neighbors=True, compute_stress=False, compute_forces=True, train_file='data/solvent_xtb_train_2000.xyz', valid_file=None, valid_fraction=0.1, test_file='data/solvent_xtb_test.xyz', test_dir=None, multi_processed_test=False, num_workers=0, pin_memory=True, atomic_numbers=None, mean=None, std=None, statistics_file=None, E0s='average', keep_isolated_atoms=False, energy_key='energy_xtb', forces_key='forces_xtb', virials_key='virials', stress_key='stress', dipole_key='dipole', charges_key='charges', loss='weighted', forces_weight=100.0, swa_forces_weight=100.0, energy_weight=1.0, swa_energy_weight=1000.0, virials_weight=1.0, swa_virials_weight=10.0, stress_weight=1.0, swa_stress_weight=10.0, dipole_weight=1.0, swa_dipole_weight=1.0, config_type_weights='{"Default":1.0}', huber_delta=0.01, optimizer='adam', beta=0.9, batch_size=10, valid_batch_size=10, lr=0.01, swa_lr=0.001, weight_decay=5e-07, amsgrad=True, scheduler='ReduceLROnPlateau', lr_factor=0.8, scheduler_patience=50, lr_scheduler_gamma=0.9993, swa=True, start_swa=None, ema=False, ema_decay=0.99, max_num_epochs=50, patience=2048, foundation_model=None, foundation_model_readout=True, eval_interval=2, keep_checkpoints=False, save_all_checkpoints=False, restart_latest=False, save_cpu=False, clip_grad=10.0, wandb=False, wandb_dir=None, wandb_project='', wandb_entity='', wandb_name='', wandb_log_hypers=['num_channels', 'max_L', 'correlation', 'lr', 'swa_lr', 'weight_decay', 'batch_size', 'max_num_epochs', 'start_swa', 'energy_weight', 'forces_weight'])
2025-06-01 23:47:22.593 INFO: CUDA version: 12.1, CUDA device: 0
2025-06-01 23:47:22.632 INFO: Current Git commit: 3b7b691f60afdffc0cd66948e333883ae1689cd8
2025-06-01 23:47:23.222 INFO: Since ASE version 3.23.0b1, using stress_key 'stress' is no longer safe when communicating between MACE and ASE. We recommend using a different key, rewriting energies to 'REF_stress'. You need to use --stress_key='REF_stress', to tell the key name chosen.
2025-06-01 23:47:23.224 INFO: Using isolated atom energies from training file
2025-06-01 23:47:23.264 INFO: Loaded 2000 training configurations from 'data/solvent_xtb_train_2000.xyz'
2025-06-01 23:47:23.265 INFO: Using random 10.0% of training set for validation
2025-06-01 23:47:23.517 INFO: Since ASE version 3.23.0b1, using stress_key 'stress' is no longer safe when communicating between MACE and ASE. We recommend using a different key, rewriting energies to 'REF_stress'. You need to use --stress_key='REF_stress', to tell the key name chosen.
2025-06-01 23:47:23.538 INFO: Loaded 1000 test configurations from 'data/solvent_xtb_test.xyz'
2025-06-01 23:47:23.538 INFO: Total number of configurations: train=1800, valid=200, tests=[Default: 1000]
2025-06-01 23:47:23.547 INFO: AtomicNumberTable: (1, 6, 8)
2025-06-01 23:47:23.547 INFO: Atomic energies: [-10.707211383396714, -48.847445262804705, -102.57117256025786]
2025-06-01 23:47:24.485 INFO: WeightedEnergyForcesLoss(energy_weight=1.000, forces_weight=100.000)
2025-06-01 23:47:25.002 INFO: Average number of neighbors: 10.068712162390119
2025-06-01 23:47:25.002 INFO: Selected the following outputs: {'energy': True, 'forces': True, 'virials': False, 'stress': False, 'dipoles': False}
2025-06-01 23:47:25.395 INFO: Building model
2025-06-01 23:47:25.396 INFO: Hidden irreps: 64x0e+64x1o+64x2e
2025-06-01 23:47:26.963 INFO: Using stochastic weight averaging (after 36 epochs) with energy weight : 1000.0, forces weight : 100.0 and learning rate : 0.001
2025-06-01 23:47:27.085 INFO: ScaleShiftMACE(
  (node_embedding): LinearNodeEmbeddingBlock(
    (linear): Linear(3x0e -> 64x0e | 192 weights)
  )
  (radial_embedding): RadialEmbeddingBlock(
    (bessel_fn): BesselBasis(r_max=4.0, num_basis=8, trainable=False)
    (cutoff_fn): PolynomialCutoff(p=5.0, r_max=4.0)
  )
  (spherical_harmonics): SphericalHarmonics()
  (atomic_energies_fn): AtomicEnergiesBlock(energies=[-10.7072, -48.8474, -102.5712])
  (interactions): ModuleList(
    (0): RealAgnosticInteractionBlock(
      (linear_up): Linear(64x0e -> 64x0e | 4096 weights)
      (conv_tp): TensorProduct(64x0e x 1x0e+1x1o+1x2e -> 64x0e+64x1o+64x2e | 192 paths | 192 weights)
      (conv_tp_weights): FullyConnectedNet[8, 64, 64, 64, 192]
      (linear): Linear(64x0e+64x1o+64x2e -> 64x0e+64x1o+64x2e | 12288 weights)
      (skip_tp): FullyConnectedTensorProduct(64x0e+64x1o+64x2e x 3x0e -> 64x0e+64x1o+64x2e | 36864 paths | 36864 weights)
      (reshape): reshape_irreps()
    )
    (1): RealAgnosticResidualInteractionBlock(
      (linear_up): Linear(64x0e+64x1o+64x2e -> 64x0e+64x1o+64x2e | 12288 weights)
      (conv_tp): TensorProduct(64x0e+64x1o+64x2e x 1x0e+1x1o+1x2e -> 192x0e+256x1o+256x2e | 704 paths | 704 weights)
      (conv_tp_weights): FullyConnectedNet[8, 64, 64, 64, 704]
      (linear): Linear(192x0e+256x1o+256x2e -> 64x0e+64x1o+64x2e | 45056 weights)
      (skip_tp): FullyConnectedTensorProduct(64x0e+64x1o+64x2e x 3x0e -> 64x0e+64x1o+64x2e | 36864 paths | 36864 weights)
      (reshape): reshape_irreps()
    )
    (2): RealAgnosticResidualInteractionBlock(
      (linear_up): Linear(64x0e+64x1o+64x2e -> 64x0e+64x1o+64x2e | 12288 weights)
      (conv_tp): TensorProduct(64x0e+64x1o+64x2e x 1x0e+1x1o+1x2e -> 192x0e+256x1o+256x2e | 704 paths | 704 weights)
      (conv_tp_weights): FullyConnectedNet[8, 64, 64, 64, 704]
      (linear): Linear(192x0e+256x1o+256x2e -> 64x0e+64x1o+64x2e | 45056 weights)
      (skip_tp): FullyConnectedTensorProduct(64x0e+64x1o+64x2e x 3x0e -> 64x0e | 12288 paths | 12288 weights)
      (reshape): reshape_irreps()
    )
  )
  (products): ModuleList(
    (0-1): 2 x EquivariantProductBasisBlock(
      (symmetric_contractions): SymmetricContraction(
        (contractions): ModuleList(
          (0): Contraction(
            (contractions_weighting): ModuleList(
              (0-1): 2 x GraphModule()
            )
            (contractions_features): ModuleList(
              (0-1): 2 x GraphModule()
            )
            (weights): ParameterList(
                (0): Parameter containing: [torch.float64 of size 3x3x64 (cuda:0)]
                (1): Parameter containing: [torch.float64 of size 3x1x64 (cuda:0)]
            )
            (graph_opt_main): GraphModule()
          )
          (1-2): 2 x Contraction(
            (contractions_weighting): ModuleList(
              (0-1): 2 x GraphModule()
            )
            (contractions_features): ModuleList(
              (0-1): 2 x GraphModule()
            )
            (weights): ParameterList(
                (0): Parameter containing: [torch.float64 of size 3x4x64 (cuda:0)]
                (1): Parameter containing: [torch.float64 of size 3x1x64 (cuda:0)]
            )
            (graph_opt_main): GraphModule()
          )
        )
      )
      (linear): Linear(64x0e+64x1o+64x2e -> 64x0e+64x1o+64x2e | 12288 weights)
    )
    (2): EquivariantProductBasisBlock(
      (symmetric_contractions): SymmetricContraction(
        (contractions): ModuleList(
          (0): Contraction(
            (contractions_weighting): ModuleList(
              (0-1): 2 x GraphModule()
            )
            (contractions_features): ModuleList(
              (0-1): 2 x GraphModule()
            )
            (weights): ParameterList(
                (0): Parameter containing: [torch.float64 of size 3x3x64 (cuda:0)]
                (1): Parameter containing: [torch.float64 of size 3x1x64 (cuda:0)]
            )
            (graph_opt_main): GraphModule()
          )
        )
      )
      (linear): Linear(64x0e -> 64x0e | 4096 weights)
    )
  )
  (readouts): ModuleList(
    (0-1): 2 x LinearReadoutBlock(
      (linear): Linear(64x0e+64x1o+64x2e -> 1x0e | 64 weights)
    )
    (2): NonLinearReadoutBlock(
      (linear_1): Linear(64x0e -> 16x0e | 1024 weights)
      (non_linearity): Activation [x] (16x0e -> 16x0e)
      (linear_2): Linear(16x0e -> 1x0e | 16 weights)
    )
  )
  (scale_shift): ScaleShiftBlock(scale=2.254663, shift=0.000000)
)
2025-06-01 23:47:27.088 INFO: Number of parameters: 405008
2025-06-01 23:47:27.088 INFO: Optimizer: Adam (
Parameter Group 0
    amsgrad: True
    betas: (0.9, 0.999)
    capturable: False
    differentiable: False
    eps: 1e-08
    foreach: None
    fused: None
    initial_lr: 0.01
    lr: 0.01
    maximize: False
    name: embedding
    swa_lr: 0.001
    weight_decay: 0.0

Parameter Group 1
    amsgrad: True
    betas: (0.9, 0.999)
    capturable: False
    differentiable: False
    eps: 1e-08
    foreach: None
    fused: None
    initial_lr: 0.01
    lr: 0.01
    maximize: False
    name: interactions_decay
    swa_lr: 0.001
    weight_decay: 5e-07

Parameter Group 2
    amsgrad: True
    betas: (0.9, 0.999)
    capturable: False
    differentiable: False
    eps: 1e-08
    foreach: None
    fused: None
    initial_lr: 0.01
    lr: 0.01
    maximize: False
    name: interactions_no_decay
    swa_lr: 0.001
    weight_decay: 0.0

Parameter Group 3
    amsgrad: True
    betas: (0.9, 0.999)
    capturable: False
    differentiable: False
    eps: 1e-08
    foreach: None
    fused: None
    initial_lr: 0.01
    lr: 0.01
    maximize: False
    name: products
    swa_lr: 0.001
    weight_decay: 5e-07

Parameter Group 4
    amsgrad: True
    betas: (0.9, 0.999)
    capturable: False
    differentiable: False
    eps: 1e-08
    foreach: None
    fused: None
    initial_lr: 0.01
    lr: 0.01
    maximize: False
    name: readouts
    swa_lr: 0.001
    weight_decay: 0.0
)
2025-06-01 23:47:27.088 INFO: Using gradient clipping with tolerance=10.000
2025-06-01 23:47:27.089 INFO: Started training
2025-06-01 23:47:31.742 INFO: Epoch None: loss=50.1083, RMSE_E_per_atom=6122.2 meV, RMSE_F=2152.7 meV / A
2025-06-01 23:48:25.855 INFO: Epoch 0: loss=2.6603, RMSE_E_per_atom=1615.9 meV, RMSE_F=489.5 meV / A
2025-06-01 23:50:05.392 INFO: Epoch 2: loss=0.4756, RMSE_E_per_atom=247.5 meV, RMSE_F=216.0 meV / A
2025-06-01 23:51:45.081 INFO: Epoch 4: loss=0.3808, RMSE_E_per_atom=198.7 meV, RMSE_F=194.0 meV / A
2025-06-01 23:53:24.699 INFO: Epoch 6: loss=0.4315, RMSE_E_per_atom=48.3 meV, RMSE_F=207.5 meV / A
2025-06-01 23:55:04.162 INFO: Epoch 8: loss=0.2085, RMSE_E_per_atom=51.9 meV, RMSE_F=144.3 meV / A
2025-06-01 23:56:43.811 INFO: Epoch 10: loss=0.2041, RMSE_E_per_atom=67.1 meV, RMSE_F=142.6 meV / A
2025-06-01 23:58:23.429 INFO: Epoch 12: loss=0.3184, RMSE_E_per_atom=68.5 meV, RMSE_F=175.8 meV / A
2025-06-02 00:00:03.437 INFO: Epoch 14: loss=0.2447, RMSE_E_per_atom=79.5 meV, RMSE_F=156.5 meV / A
2025-06-02 00:01:42.922 INFO: Epoch 16: loss=0.1472, RMSE_E_per_atom=69.7 meV, RMSE_F=120.7 meV / A
2025-06-02 00:03:22.651 INFO: Epoch 18: loss=0.1404, RMSE_E_per_atom=66.0 meV, RMSE_F=118.1 meV / A
2025-06-02 00:05:02.910 INFO: Epoch 20: loss=0.2047, RMSE_E_per_atom=88.4 meV, RMSE_F=143.0 meV / A
2025-06-02 00:06:42.557 INFO: Epoch 22: loss=0.1931, RMSE_E_per_atom=72.9 meV, RMSE_F=138.4 meV / A
2025-06-02 00:08:22.089 INFO: Epoch 24: loss=0.1423, RMSE_E_per_atom=70.0 meV, RMSE_F=119.0 meV / A
2025-06-02 00:10:01.559 INFO: Epoch 26: loss=0.1207, RMSE_E_per_atom=74.2 meV, RMSE_F=109.3 meV / A
2025-06-02 00:11:41.137 INFO: Epoch 28: loss=0.1316, RMSE_E_per_atom=78.0 meV, RMSE_F=114.6 meV / A
2025-06-02 00:13:20.722 INFO: Epoch 30: loss=0.1078, RMSE_E_per_atom=78.2 meV, RMSE_F=103.1 meV / A
2025-06-02 00:15:00.369 INFO: Epoch 32: loss=0.1044, RMSE_E_per_atom=64.8 meV, RMSE_F=102.0 meV / A
2025-06-02 00:16:40.192 INFO: Epoch 34: loss=0.1784, RMSE_E_per_atom=73.6 meV, RMSE_F=133.1 meV / A
2025-06-02 00:17:28.978 INFO: Changing loss based on SWA
2025-06-02 00:18:19.676 INFO: Epoch 36: loss=0.0712, RMSE_E_per_atom=12.7 meV, RMSE_F=74.2 meV / A
2025-06-02 00:19:59.361 INFO: Epoch 38: loss=0.0512, RMSE_E_per_atom=4.8 meV, RMSE_F=69.9 meV / A
2025-06-02 00:21:39.433 INFO: Epoch 40: loss=0.0502, RMSE_E_per_atom=5.1 meV, RMSE_F=69.0 meV / A
2025-06-02 00:23:19.019 INFO: Epoch 42: loss=0.0491, RMSE_E_per_atom=3.2 meV, RMSE_F=69.3 meV / A
2025-06-02 00:24:58.660 INFO: Epoch 44: loss=0.0469, RMSE_E_per_atom=3.0 meV, RMSE_F=67.9 meV / A
2025-06-02 00:26:38.472 INFO: Epoch 46: loss=0.0447, RMSE_E_per_atom=3.4 meV, RMSE_F=65.9 meV / A
2025-06-02 00:28:18.055 INFO: Epoch 48: loss=0.0445, RMSE_E_per_atom=4.1 meV, RMSE_F=65.4 meV / A
2025-06-02 00:29:07.343 INFO: Training complete
2025-06-02 00:29:07.344 INFO: Computing metrics for training, validation, and test sets
2025-06-02 00:29:07.815 INFO: Loading checkpoint: MACE_models/mace_learncurve_train2000_run-123_epoch-32.pt
2025-06-02 00:29:07.861 INFO: Loaded model from epoch 32
2025-06-02 00:29:07.862 INFO: Evaluating train ...
2025-06-02 00:29:25.569 INFO: Evaluating valid ...
2025-06-02 00:29:27.462 INFO: Evaluating Default ...
2025-06-02 00:29:37.238 INFO: 
+-------------+---------------------+------------------+-------------------+
| config_type | RMSE E / meV / atom | RMSE F / meV / A | relative F RMSE % |
+-------------+---------------------+------------------+-------------------+
|    train    |         67.5        |       96.6       |        4.28       |
|    valid    |         64.8        |      102.0       |        4.85       |
|   Default   |         66.1        |      101.6       |        4.44       |
+-------------+---------------------+------------------+-------------------+
2025-06-02 00:29:37.238 INFO: Saving model to MACE_models/mace_learncurve_train2000_run-123.model
2025-06-02 00:29:37.474 INFO: Compiling model, saving metadata to MACE_models/mace_learncurve_train2000_compiled.model
2025-06-02 00:29:38.756 INFO: Loading checkpoint: MACE_models/mace_learncurve_train2000_run-123_epoch-48_swa.pt
2025-06-02 00:29:38.817 INFO: Loaded model from epoch 48
2025-06-02 00:29:38.818 INFO: Evaluating train ...
2025-06-02 00:29:56.556 INFO: Evaluating valid ...
2025-06-02 00:29:58.452 INFO: Evaluating Default ...
2025-06-02 00:30:08.249 INFO: 
+-------------+---------------------+------------------+-------------------+
| config_type | RMSE E / meV / atom | RMSE F / meV / A | relative F RMSE % |
+-------------+---------------------+------------------+-------------------+
|    train    |         4.7         |       50.0       |        2.22       |
|    valid    |         4.1         |       65.4       |        3.10       |
|   Default   |         4.7         |       64.0       |        2.80       |
+-------------+---------------------+------------------+-------------------+
2025-06-02 00:30:08.249 INFO: Saving model to MACE_models/mace_learncurve_train2000_run-123_swa.model
2025-06-02 00:30:08.482 INFO: Compiling model, saving metadata MACE_models/mace_learncurve_train2000_swa_compiled.model
2025-06-02 00:30:09.732 INFO: Done
2025-06-02 19:07:33.003 INFO: MACE version: 0.3.6
2025-06-02 19:07:33.004 INFO: Configuration: Namespace(config='benchmark_results/mace_learncurve_train2000.yaml', name='mace_learncurve_train2000', seed=123, log_dir='MACE_models', model_dir='MACE_models', checkpoints_dir='MACE_models', results_dir='MACE_models', downloads_dir='downloads', device='cuda', default_dtype='float64', distributed=False, log_level='INFO', error_table='PerAtomRMSE', model='MACE', r_max=4.0, radial_type='bessel', num_radial_basis=8, num_cutoff_basis=5, pair_repulsion=False, distance_transform='None', interaction='RealAgnosticResidualInteractionBlock', interaction_first='RealAgnosticResidualInteractionBlock', max_ell=2, correlation=3, num_interactions=3, MLP_irreps='16x0e', radial_MLP='[64, 64, 64]', hidden_irreps='128x0e + 128x1o', num_channels=64, max_L=2, gate='silu', scaling='rms_forces_scaling', avg_num_neighbors=1, compute_avg_num_neighbors=True, compute_stress=False, compute_forces=True, train_file='data/solvent_xtb_train_2000.xyz', valid_file=None, valid_fraction=0.1, test_file='data/solvent_xtb_test.xyz', test_dir=None, multi_processed_test=False, num_workers=0, pin_memory=True, atomic_numbers=None, mean=None, std=None, statistics_file=None, E0s='average', keep_isolated_atoms=False, energy_key='energy_xtb', forces_key='forces_xtb', virials_key='virials', stress_key='stress', dipole_key='dipole', charges_key='charges', loss='weighted', forces_weight=100.0, swa_forces_weight=100.0, energy_weight=1.0, swa_energy_weight=1000.0, virials_weight=1.0, swa_virials_weight=10.0, stress_weight=1.0, swa_stress_weight=10.0, dipole_weight=1.0, swa_dipole_weight=1.0, config_type_weights='{"Default":1.0}', huber_delta=0.01, optimizer='adam', beta=0.9, batch_size=10, valid_batch_size=10, lr=0.01, swa_lr=0.001, weight_decay=5e-07, amsgrad=True, scheduler='ReduceLROnPlateau', lr_factor=0.8, scheduler_patience=50, lr_scheduler_gamma=0.9993, swa=True, start_swa=None, ema=False, ema_decay=0.99, max_num_epochs=50, patience=2048, foundation_model=None, foundation_model_readout=True, eval_interval=2, keep_checkpoints=False, save_all_checkpoints=False, restart_latest=False, save_cpu=False, clip_grad=10.0, wandb=False, wandb_dir=None, wandb_project='', wandb_entity='', wandb_name='', wandb_log_hypers=['num_channels', 'max_L', 'correlation', 'lr', 'swa_lr', 'weight_decay', 'batch_size', 'max_num_epochs', 'start_swa', 'energy_weight', 'forces_weight'])
2025-06-02 19:07:33.116 INFO: CUDA version: 12.1, CUDA device: 0
2025-06-02 19:07:33.154 INFO: Current Git commit: 3b7b691f60afdffc0cd66948e333883ae1689cd8
2025-06-02 19:07:33.744 INFO: Since ASE version 3.23.0b1, using stress_key 'stress' is no longer safe when communicating between MACE and ASE. We recommend using a different key, rewriting energies to 'REF_stress'. You need to use --stress_key='REF_stress', to tell the key name chosen.
2025-06-02 19:07:33.746 INFO: Using isolated atom energies from training file
2025-06-02 19:07:33.786 INFO: Loaded 2000 training configurations from 'data/solvent_xtb_train_2000.xyz'
2025-06-02 19:07:33.787 INFO: Using random 10.0% of training set for validation
2025-06-02 19:07:34.037 INFO: Since ASE version 3.23.0b1, using stress_key 'stress' is no longer safe when communicating between MACE and ASE. We recommend using a different key, rewriting energies to 'REF_stress'. You need to use --stress_key='REF_stress', to tell the key name chosen.
2025-06-02 19:07:34.058 INFO: Loaded 1000 test configurations from 'data/solvent_xtb_test.xyz'
2025-06-02 19:07:34.058 INFO: Total number of configurations: train=1800, valid=200, tests=[Default: 1000]
2025-06-02 19:07:34.067 INFO: AtomicNumberTable: (1, 6, 8)
2025-06-02 19:07:34.067 INFO: Atomic energies: [-10.707211383396714, -48.847445262804705, -102.57117256025786]
2025-06-02 19:07:34.996 INFO: WeightedEnergyForcesLoss(energy_weight=1.000, forces_weight=100.000)
2025-06-02 19:07:35.497 INFO: Average number of neighbors: 10.068712162390119
2025-06-02 19:07:35.497 INFO: Selected the following outputs: {'energy': True, 'forces': True, 'virials': False, 'stress': False, 'dipoles': False}
2025-06-02 19:07:35.879 INFO: Building model
2025-06-02 19:07:35.880 INFO: Hidden irreps: 64x0e+64x1o+64x2e
2025-06-02 19:07:37.440 INFO: Using stochastic weight averaging (after 36 epochs) with energy weight : 1000.0, forces weight : 100.0 and learning rate : 0.001
2025-06-02 19:07:37.560 INFO: ScaleShiftMACE(
  (node_embedding): LinearNodeEmbeddingBlock(
    (linear): Linear(3x0e -> 64x0e | 192 weights)
  )
  (radial_embedding): RadialEmbeddingBlock(
    (bessel_fn): BesselBasis(r_max=4.0, num_basis=8, trainable=False)
    (cutoff_fn): PolynomialCutoff(p=5.0, r_max=4.0)
  )
  (spherical_harmonics): SphericalHarmonics()
  (atomic_energies_fn): AtomicEnergiesBlock(energies=[-10.7072, -48.8474, -102.5712])
  (interactions): ModuleList(
    (0): RealAgnosticInteractionBlock(
      (linear_up): Linear(64x0e -> 64x0e | 4096 weights)
      (conv_tp): TensorProduct(64x0e x 1x0e+1x1o+1x2e -> 64x0e+64x1o+64x2e | 192 paths | 192 weights)
      (conv_tp_weights): FullyConnectedNet[8, 64, 64, 64, 192]
      (linear): Linear(64x0e+64x1o+64x2e -> 64x0e+64x1o+64x2e | 12288 weights)
      (skip_tp): FullyConnectedTensorProduct(64x0e+64x1o+64x2e x 3x0e -> 64x0e+64x1o+64x2e | 36864 paths | 36864 weights)
      (reshape): reshape_irreps()
    )
    (1): RealAgnosticResidualInteractionBlock(
      (linear_up): Linear(64x0e+64x1o+64x2e -> 64x0e+64x1o+64x2e | 12288 weights)
      (conv_tp): TensorProduct(64x0e+64x1o+64x2e x 1x0e+1x1o+1x2e -> 192x0e+256x1o+256x2e | 704 paths | 704 weights)
      (conv_tp_weights): FullyConnectedNet[8, 64, 64, 64, 704]
      (linear): Linear(192x0e+256x1o+256x2e -> 64x0e+64x1o+64x2e | 45056 weights)
      (skip_tp): FullyConnectedTensorProduct(64x0e+64x1o+64x2e x 3x0e -> 64x0e+64x1o+64x2e | 36864 paths | 36864 weights)
      (reshape): reshape_irreps()
    )
    (2): RealAgnosticResidualInteractionBlock(
      (linear_up): Linear(64x0e+64x1o+64x2e -> 64x0e+64x1o+64x2e | 12288 weights)
      (conv_tp): TensorProduct(64x0e+64x1o+64x2e x 1x0e+1x1o+1x2e -> 192x0e+256x1o+256x2e | 704 paths | 704 weights)
      (conv_tp_weights): FullyConnectedNet[8, 64, 64, 64, 704]
      (linear): Linear(192x0e+256x1o+256x2e -> 64x0e+64x1o+64x2e | 45056 weights)
      (skip_tp): FullyConnectedTensorProduct(64x0e+64x1o+64x2e x 3x0e -> 64x0e | 12288 paths | 12288 weights)
      (reshape): reshape_irreps()
    )
  )
  (products): ModuleList(
    (0-1): 2 x EquivariantProductBasisBlock(
      (symmetric_contractions): SymmetricContraction(
        (contractions): ModuleList(
          (0): Contraction(
            (contractions_weighting): ModuleList(
              (0-1): 2 x GraphModule()
            )
            (contractions_features): ModuleList(
              (0-1): 2 x GraphModule()
            )
            (weights): ParameterList(
                (0): Parameter containing: [torch.float64 of size 3x3x64 (cuda:0)]
                (1): Parameter containing: [torch.float64 of size 3x1x64 (cuda:0)]
            )
            (graph_opt_main): GraphModule()
          )
          (1-2): 2 x Contraction(
            (contractions_weighting): ModuleList(
              (0-1): 2 x GraphModule()
            )
            (contractions_features): ModuleList(
              (0-1): 2 x GraphModule()
            )
            (weights): ParameterList(
                (0): Parameter containing: [torch.float64 of size 3x4x64 (cuda:0)]
                (1): Parameter containing: [torch.float64 of size 3x1x64 (cuda:0)]
            )
            (graph_opt_main): GraphModule()
          )
        )
      )
      (linear): Linear(64x0e+64x1o+64x2e -> 64x0e+64x1o+64x2e | 12288 weights)
    )
    (2): EquivariantProductBasisBlock(
      (symmetric_contractions): SymmetricContraction(
        (contractions): ModuleList(
          (0): Contraction(
            (contractions_weighting): ModuleList(
              (0-1): 2 x GraphModule()
            )
            (contractions_features): ModuleList(
              (0-1): 2 x GraphModule()
            )
            (weights): ParameterList(
                (0): Parameter containing: [torch.float64 of size 3x3x64 (cuda:0)]
                (1): Parameter containing: [torch.float64 of size 3x1x64 (cuda:0)]
            )
            (graph_opt_main): GraphModule()
          )
        )
      )
      (linear): Linear(64x0e -> 64x0e | 4096 weights)
    )
  )
  (readouts): ModuleList(
    (0-1): 2 x LinearReadoutBlock(
      (linear): Linear(64x0e+64x1o+64x2e -> 1x0e | 64 weights)
    )
    (2): NonLinearReadoutBlock(
      (linear_1): Linear(64x0e -> 16x0e | 1024 weights)
      (non_linearity): Activation [x] (16x0e -> 16x0e)
      (linear_2): Linear(16x0e -> 1x0e | 16 weights)
    )
  )
  (scale_shift): ScaleShiftBlock(scale=2.254663, shift=0.000000)
)
2025-06-02 19:07:37.563 INFO: Number of parameters: 405008
2025-06-02 19:07:37.563 INFO: Optimizer: Adam (
Parameter Group 0
    amsgrad: True
    betas: (0.9, 0.999)
    capturable: False
    differentiable: False
    eps: 1e-08
    foreach: None
    fused: None
    initial_lr: 0.01
    lr: 0.01
    maximize: False
    name: embedding
    swa_lr: 0.001
    weight_decay: 0.0

Parameter Group 1
    amsgrad: True
    betas: (0.9, 0.999)
    capturable: False
    differentiable: False
    eps: 1e-08
    foreach: None
    fused: None
    initial_lr: 0.01
    lr: 0.01
    maximize: False
    name: interactions_decay
    swa_lr: 0.001
    weight_decay: 5e-07

Parameter Group 2
    amsgrad: True
    betas: (0.9, 0.999)
    capturable: False
    differentiable: False
    eps: 1e-08
    foreach: None
    fused: None
    initial_lr: 0.01
    lr: 0.01
    maximize: False
    name: interactions_no_decay
    swa_lr: 0.001
    weight_decay: 0.0

Parameter Group 3
    amsgrad: True
    betas: (0.9, 0.999)
    capturable: False
    differentiable: False
    eps: 1e-08
    foreach: None
    fused: None
    initial_lr: 0.01
    lr: 0.01
    maximize: False
    name: products
    swa_lr: 0.001
    weight_decay: 5e-07

Parameter Group 4
    amsgrad: True
    betas: (0.9, 0.999)
    capturable: False
    differentiable: False
    eps: 1e-08
    foreach: None
    fused: None
    initial_lr: 0.01
    lr: 0.01
    maximize: False
    name: readouts
    swa_lr: 0.001
    weight_decay: 0.0
)
2025-06-02 19:07:37.563 INFO: Using gradient clipping with tolerance=10.000
2025-06-02 19:07:37.563 INFO: Started training
2025-06-02 19:07:42.159 INFO: Epoch None: loss=50.1083, RMSE_E_per_atom=6122.2 meV, RMSE_F=2152.7 meV / A
2025-06-02 19:08:35.878 INFO: Epoch 0: loss=2.6603, RMSE_E_per_atom=1615.9 meV, RMSE_F=489.5 meV / A
2025-06-02 19:10:15.285 INFO: Epoch 2: loss=0.4969, RMSE_E_per_atom=162.4 meV, RMSE_F=221.7 meV / A
2025-06-02 19:11:54.676 INFO: Epoch 4: loss=0.3650, RMSE_E_per_atom=178.3 meV, RMSE_F=190.0 meV / A
2025-06-02 19:13:34.122 INFO: Epoch 6: loss=0.3356, RMSE_E_per_atom=77.0 meV, RMSE_F=182.8 meV / A
2025-06-02 19:15:14.115 INFO: Epoch 8: loss=0.2932, RMSE_E_per_atom=121.3 meV, RMSE_F=170.5 meV / A
2025-06-02 19:16:53.542 INFO: Epoch 10: loss=0.3366, RMSE_E_per_atom=129.3 meV, RMSE_F=182.8 meV / A
2025-06-02 19:18:32.829 INFO: Epoch 12: loss=0.6954, RMSE_E_per_atom=68.2 meV, RMSE_F=262.9 meV / A
2025-06-02 19:20:12.110 INFO: Epoch 14: loss=0.1388, RMSE_E_per_atom=92.2 meV, RMSE_F=117.5 meV / A
2025-06-02 19:21:51.580 INFO: Epoch 16: loss=0.2024, RMSE_E_per_atom=89.8 meV, RMSE_F=141.7 meV / A
2025-06-02 19:23:31.229 INFO: Epoch 18: loss=0.1388, RMSE_E_per_atom=82.8 meV, RMSE_F=117.3 meV / A
2025-06-02 19:25:10.838 INFO: Epoch 20: loss=0.1814, RMSE_E_per_atom=86.5 meV, RMSE_F=134.2 meV / A
2025-06-02 19:26:50.063 INFO: Epoch 22: loss=0.1514, RMSE_E_per_atom=74.1 meV, RMSE_F=123.1 meV / A
2025-06-02 19:28:29.527 INFO: Epoch 24: loss=0.1313, RMSE_E_per_atom=80.5 meV, RMSE_F=114.1 meV / A
2025-06-02 19:30:09.037 INFO: Epoch 26: loss=0.1062, RMSE_E_per_atom=76.9 meV, RMSE_F=103.3 meV / A
2025-06-02 19:31:48.760 INFO: Epoch 28: loss=0.2169, RMSE_E_per_atom=121.1 meV, RMSE_F=146.5 meV / A
2025-06-02 19:33:28.105 INFO: Epoch 30: loss=0.1037, RMSE_E_per_atom=68.1 meV, RMSE_F=101.3 meV / A
2025-06-02 19:35:07.647 INFO: Epoch 32: loss=0.0871, RMSE_E_per_atom=66.6 meV, RMSE_F=93.0 meV / A
2025-06-02 19:36:47.209 INFO: Epoch 34: loss=0.1804, RMSE_E_per_atom=75.5 meV, RMSE_F=134.1 meV / A
2025-06-02 19:37:35.935 INFO: Changing loss based on SWA
2025-06-02 19:38:26.571 INFO: Epoch 36: loss=0.0677, RMSE_E_per_atom=10.2 meV, RMSE_F=75.7 meV / A
2025-06-02 19:40:06.006 INFO: Epoch 38: loss=0.0515, RMSE_E_per_atom=5.2 meV, RMSE_F=69.9 meV / A
2025-06-02 19:41:45.303 INFO: Epoch 40: loss=0.0494, RMSE_E_per_atom=5.4 meV, RMSE_F=68.2 meV / A
2025-06-02 19:43:24.866 INFO: Epoch 42: loss=0.0471, RMSE_E_per_atom=3.3 meV, RMSE_F=67.8 meV / A
2025-06-02 19:45:04.297 INFO: Epoch 44: loss=0.0452, RMSE_E_per_atom=3.1 meV, RMSE_F=66.5 meV / A
2025-06-02 19:46:43.644 INFO: Epoch 46: loss=0.0433, RMSE_E_per_atom=3.3 meV, RMSE_F=65.0 meV / A
2025-06-02 19:48:23.145 INFO: Epoch 48: loss=0.0430, RMSE_E_per_atom=3.8 meV, RMSE_F=64.5 meV / A
2025-06-02 19:49:12.350 INFO: Training complete
2025-06-02 19:49:12.351 INFO: Computing metrics for training, validation, and test sets
2025-06-02 19:49:12.817 INFO: Loading checkpoint: MACE_models/mace_learncurve_train2000_run-123_epoch-32.pt
2025-06-02 19:49:12.990 INFO: Loaded model from epoch 32
2025-06-02 19:49:12.991 INFO: Evaluating train ...
2025-06-02 19:49:30.605 INFO: Evaluating valid ...
2025-06-02 19:49:32.490 INFO: Evaluating Default ...
2025-06-02 19:49:42.228 INFO: 
+-------------+---------------------+------------------+-------------------+
| config_type | RMSE E / meV / atom | RMSE F / meV / A | relative F RMSE % |
+-------------+---------------------+------------------+-------------------+
|    train    |         70.3        |       87.1       |        3.86       |
|    valid    |         66.6        |       93.0       |        4.42       |
|   Default   |         68.7        |       94.6       |        4.13       |
+-------------+---------------------+------------------+-------------------+
2025-06-02 19:49:42.228 INFO: Saving model to MACE_models/mace_learncurve_train2000_run-123.model
2025-06-02 19:49:42.453 INFO: Compiling model, saving metadata to MACE_models/mace_learncurve_train2000_compiled.model
2025-06-02 19:49:43.706 INFO: Loading checkpoint: MACE_models/mace_learncurve_train2000_run-123_epoch-48_swa.pt
2025-06-02 19:49:43.886 INFO: Loaded model from epoch 48
2025-06-02 19:49:43.887 INFO: Evaluating train ...
2025-06-02 19:50:01.521 INFO: Evaluating valid ...
2025-06-02 19:50:03.411 INFO: Evaluating Default ...
2025-06-02 19:50:13.084 INFO: 
+-------------+---------------------+------------------+-------------------+
| config_type | RMSE E / meV / atom | RMSE F / meV / A | relative F RMSE % |
+-------------+---------------------+------------------+-------------------+
|    train    |         4.4         |       49.7       |        2.20       |
|    valid    |         3.8         |       64.5       |        3.06       |
|   Default   |         4.3         |       64.0       |        2.80       |
+-------------+---------------------+------------------+-------------------+
2025-06-02 19:50:13.084 INFO: Saving model to MACE_models/mace_learncurve_train2000_run-123_swa.model
2025-06-02 19:50:13.300 INFO: Compiling model, saving metadata MACE_models/mace_learncurve_train2000_swa_compiled.model
2025-06-02 19:50:14.507 INFO: Done
2025-06-03 21:24:57.711 INFO: MACE version: 0.3.6
2025-06-03 21:24:57.711 INFO: Configuration: Namespace(config='benchmark_results/mace_learncurve_train2000.yaml', name='mace_learncurve_train2000', seed=123, log_dir='MACE_models', model_dir='MACE_models', checkpoints_dir='MACE_models', results_dir='MACE_models', downloads_dir='downloads', device='cuda', default_dtype='float64', distributed=False, log_level='INFO', error_table='PerAtomRMSE', model='MACE', r_max=4.0, radial_type='bessel', num_radial_basis=8, num_cutoff_basis=5, pair_repulsion=False, distance_transform='None', interaction='RealAgnosticResidualInteractionBlock', interaction_first='RealAgnosticResidualInteractionBlock', max_ell=2, correlation=3, num_interactions=3, MLP_irreps='16x0e', radial_MLP='[64, 64, 64]', hidden_irreps='128x0e + 128x1o', num_channels=64, max_L=2, gate='silu', scaling='rms_forces_scaling', avg_num_neighbors=1, compute_avg_num_neighbors=True, compute_stress=False, compute_forces=True, train_file='data/solvent_xtb_train_2000.xyz', valid_file=None, valid_fraction=0.1, test_file='data/solvent_xtb_test.xyz', test_dir=None, multi_processed_test=False, num_workers=0, pin_memory=True, atomic_numbers=None, mean=None, std=None, statistics_file=None, E0s='average', keep_isolated_atoms=False, energy_key='energy_xtb', forces_key='forces_xtb', virials_key='virials', stress_key='stress', dipole_key='dipole', charges_key='charges', loss='weighted', forces_weight=100.0, swa_forces_weight=100.0, energy_weight=1.0, swa_energy_weight=1000.0, virials_weight=1.0, swa_virials_weight=10.0, stress_weight=1.0, swa_stress_weight=10.0, dipole_weight=1.0, swa_dipole_weight=1.0, config_type_weights='{"Default":1.0}', huber_delta=0.01, optimizer='adam', beta=0.9, batch_size=10, valid_batch_size=10, lr=0.01, swa_lr=0.001, weight_decay=5e-07, amsgrad=True, scheduler='ReduceLROnPlateau', lr_factor=0.8, scheduler_patience=50, lr_scheduler_gamma=0.9993, swa=True, start_swa=None, ema=False, ema_decay=0.99, max_num_epochs=50, patience=2048, foundation_model=None, foundation_model_readout=True, eval_interval=2, keep_checkpoints=False, save_all_checkpoints=False, restart_latest=False, save_cpu=False, clip_grad=10.0, wandb=False, wandb_dir=None, wandb_project='', wandb_entity='', wandb_name='', wandb_log_hypers=['num_channels', 'max_L', 'correlation', 'lr', 'swa_lr', 'weight_decay', 'batch_size', 'max_num_epochs', 'start_swa', 'energy_weight', 'forces_weight'])
2025-06-03 21:24:57.802 INFO: CUDA version: 12.1, CUDA device: 0
2025-06-03 21:24:57.839 INFO: Current Git commit: 3b7b691f60afdffc0cd66948e333883ae1689cd8
2025-06-03 21:24:58.433 INFO: Since ASE version 3.23.0b1, using stress_key 'stress' is no longer safe when communicating between MACE and ASE. We recommend using a different key, rewriting energies to 'REF_stress'. You need to use --stress_key='REF_stress', to tell the key name chosen.
2025-06-03 21:24:58.435 INFO: Using isolated atom energies from training file
2025-06-03 21:24:58.476 INFO: Loaded 2000 training configurations from 'data/solvent_xtb_train_2000.xyz'
2025-06-03 21:24:58.477 INFO: Using random 10.0% of training set for validation
2025-06-03 21:24:58.733 INFO: Since ASE version 3.23.0b1, using stress_key 'stress' is no longer safe when communicating between MACE and ASE. We recommend using a different key, rewriting energies to 'REF_stress'. You need to use --stress_key='REF_stress', to tell the key name chosen.
2025-06-03 21:24:58.754 INFO: Loaded 1000 test configurations from 'data/solvent_xtb_test.xyz'
2025-06-03 21:24:58.754 INFO: Total number of configurations: train=1800, valid=200, tests=[Default: 1000]
2025-06-03 21:24:58.763 INFO: AtomicNumberTable: (1, 6, 8)
2025-06-03 21:24:58.763 INFO: Atomic energies: [-10.707211383396714, -48.847445262804705, -102.57117256025786]
2025-06-03 21:24:59.712 INFO: WeightedEnergyForcesLoss(energy_weight=1.000, forces_weight=100.000)
2025-06-03 21:25:00.228 INFO: Average number of neighbors: 10.068712162390119
2025-06-03 21:25:00.228 INFO: Selected the following outputs: {'energy': True, 'forces': True, 'virials': False, 'stress': False, 'dipoles': False}
2025-06-03 21:25:00.623 INFO: Building model
2025-06-03 21:25:00.624 INFO: Hidden irreps: 64x0e+64x1o+64x2e
2025-06-03 21:25:02.214 INFO: Using stochastic weight averaging (after 36 epochs) with energy weight : 1000.0, forces weight : 100.0 and learning rate : 0.001
2025-06-03 21:25:02.339 INFO: ScaleShiftMACE(
  (node_embedding): LinearNodeEmbeddingBlock(
    (linear): Linear(3x0e -> 64x0e | 192 weights)
  )
  (radial_embedding): RadialEmbeddingBlock(
    (bessel_fn): BesselBasis(r_max=4.0, num_basis=8, trainable=False)
    (cutoff_fn): PolynomialCutoff(p=5.0, r_max=4.0)
  )
  (spherical_harmonics): SphericalHarmonics()
  (atomic_energies_fn): AtomicEnergiesBlock(energies=[-10.7072, -48.8474, -102.5712])
  (interactions): ModuleList(
    (0): RealAgnosticInteractionBlock(
      (linear_up): Linear(64x0e -> 64x0e | 4096 weights)
      (conv_tp): TensorProduct(64x0e x 1x0e+1x1o+1x2e -> 64x0e+64x1o+64x2e | 192 paths | 192 weights)
      (conv_tp_weights): FullyConnectedNet[8, 64, 64, 64, 192]
      (linear): Linear(64x0e+64x1o+64x2e -> 64x0e+64x1o+64x2e | 12288 weights)
      (skip_tp): FullyConnectedTensorProduct(64x0e+64x1o+64x2e x 3x0e -> 64x0e+64x1o+64x2e | 36864 paths | 36864 weights)
      (reshape): reshape_irreps()
    )
    (1): RealAgnosticResidualInteractionBlock(
      (linear_up): Linear(64x0e+64x1o+64x2e -> 64x0e+64x1o+64x2e | 12288 weights)
      (conv_tp): TensorProduct(64x0e+64x1o+64x2e x 1x0e+1x1o+1x2e -> 192x0e+256x1o+256x2e | 704 paths | 704 weights)
      (conv_tp_weights): FullyConnectedNet[8, 64, 64, 64, 704]
      (linear): Linear(192x0e+256x1o+256x2e -> 64x0e+64x1o+64x2e | 45056 weights)
      (skip_tp): FullyConnectedTensorProduct(64x0e+64x1o+64x2e x 3x0e -> 64x0e+64x1o+64x2e | 36864 paths | 36864 weights)
      (reshape): reshape_irreps()
    )
    (2): RealAgnosticResidualInteractionBlock(
      (linear_up): Linear(64x0e+64x1o+64x2e -> 64x0e+64x1o+64x2e | 12288 weights)
      (conv_tp): TensorProduct(64x0e+64x1o+64x2e x 1x0e+1x1o+1x2e -> 192x0e+256x1o+256x2e | 704 paths | 704 weights)
      (conv_tp_weights): FullyConnectedNet[8, 64, 64, 64, 704]
      (linear): Linear(192x0e+256x1o+256x2e -> 64x0e+64x1o+64x2e | 45056 weights)
      (skip_tp): FullyConnectedTensorProduct(64x0e+64x1o+64x2e x 3x0e -> 64x0e | 12288 paths | 12288 weights)
      (reshape): reshape_irreps()
    )
  )
  (products): ModuleList(
    (0-1): 2 x EquivariantProductBasisBlock(
      (symmetric_contractions): SymmetricContraction(
        (contractions): ModuleList(
          (0): Contraction(
            (contractions_weighting): ModuleList(
              (0-1): 2 x GraphModule()
            )
            (contractions_features): ModuleList(
              (0-1): 2 x GraphModule()
            )
            (weights): ParameterList(
                (0): Parameter containing: [torch.float64 of size 3x3x64 (cuda:0)]
                (1): Parameter containing: [torch.float64 of size 3x1x64 (cuda:0)]
            )
            (graph_opt_main): GraphModule()
          )
          (1-2): 2 x Contraction(
            (contractions_weighting): ModuleList(
              (0-1): 2 x GraphModule()
            )
            (contractions_features): ModuleList(
              (0-1): 2 x GraphModule()
            )
            (weights): ParameterList(
                (0): Parameter containing: [torch.float64 of size 3x4x64 (cuda:0)]
                (1): Parameter containing: [torch.float64 of size 3x1x64 (cuda:0)]
            )
            (graph_opt_main): GraphModule()
          )
        )
      )
      (linear): Linear(64x0e+64x1o+64x2e -> 64x0e+64x1o+64x2e | 12288 weights)
    )
    (2): EquivariantProductBasisBlock(
      (symmetric_contractions): SymmetricContraction(
        (contractions): ModuleList(
          (0): Contraction(
            (contractions_weighting): ModuleList(
              (0-1): 2 x GraphModule()
            )
            (contractions_features): ModuleList(
              (0-1): 2 x GraphModule()
            )
            (weights): ParameterList(
                (0): Parameter containing: [torch.float64 of size 3x3x64 (cuda:0)]
                (1): Parameter containing: [torch.float64 of size 3x1x64 (cuda:0)]
            )
            (graph_opt_main): GraphModule()
          )
        )
      )
      (linear): Linear(64x0e -> 64x0e | 4096 weights)
    )
  )
  (readouts): ModuleList(
    (0-1): 2 x LinearReadoutBlock(
      (linear): Linear(64x0e+64x1o+64x2e -> 1x0e | 64 weights)
    )
    (2): NonLinearReadoutBlock(
      (linear_1): Linear(64x0e -> 16x0e | 1024 weights)
      (non_linearity): Activation [x] (16x0e -> 16x0e)
      (linear_2): Linear(16x0e -> 1x0e | 16 weights)
    )
  )
  (scale_shift): ScaleShiftBlock(scale=2.254663, shift=0.000000)
)
2025-06-03 21:25:02.342 INFO: Number of parameters: 405008
2025-06-03 21:25:02.342 INFO: Optimizer: Adam (
Parameter Group 0
    amsgrad: True
    betas: (0.9, 0.999)
    capturable: False
    differentiable: False
    eps: 1e-08
    foreach: None
    fused: None
    initial_lr: 0.01
    lr: 0.01
    maximize: False
    name: embedding
    swa_lr: 0.001
    weight_decay: 0.0

Parameter Group 1
    amsgrad: True
    betas: (0.9, 0.999)
    capturable: False
    differentiable: False
    eps: 1e-08
    foreach: None
    fused: None
    initial_lr: 0.01
    lr: 0.01
    maximize: False
    name: interactions_decay
    swa_lr: 0.001
    weight_decay: 5e-07

Parameter Group 2
    amsgrad: True
    betas: (0.9, 0.999)
    capturable: False
    differentiable: False
    eps: 1e-08
    foreach: None
    fused: None
    initial_lr: 0.01
    lr: 0.01
    maximize: False
    name: interactions_no_decay
    swa_lr: 0.001
    weight_decay: 0.0

Parameter Group 3
    amsgrad: True
    betas: (0.9, 0.999)
    capturable: False
    differentiable: False
    eps: 1e-08
    foreach: None
    fused: None
    initial_lr: 0.01
    lr: 0.01
    maximize: False
    name: products
    swa_lr: 0.001
    weight_decay: 5e-07

Parameter Group 4
    amsgrad: True
    betas: (0.9, 0.999)
    capturable: False
    differentiable: False
    eps: 1e-08
    foreach: None
    fused: None
    initial_lr: 0.01
    lr: 0.01
    maximize: False
    name: readouts
    swa_lr: 0.001
    weight_decay: 0.0
)
2025-06-03 21:25:02.342 INFO: Using gradient clipping with tolerance=10.000
2025-06-03 21:25:02.342 INFO: Started training
2025-06-03 21:25:07.028 INFO: Epoch None: loss=50.1083, RMSE_E_per_atom=6122.2 meV, RMSE_F=2152.7 meV / A
2025-06-03 21:26:00.797 INFO: Epoch 0: loss=2.6603, RMSE_E_per_atom=1615.9 meV, RMSE_F=489.5 meV / A
2025-06-03 21:27:40.221 INFO: Epoch 2: loss=0.5388, RMSE_E_per_atom=324.6 meV, RMSE_F=229.5 meV / A
2025-06-03 21:29:20.227 INFO: Epoch 4: loss=0.5340, RMSE_E_per_atom=153.2 meV, RMSE_F=230.5 meV / A
2025-06-03 21:30:59.606 INFO: Epoch 6: loss=0.2907, RMSE_E_per_atom=108.2 meV, RMSE_F=170.0 meV / A
2025-06-03 21:32:39.325 INFO: Epoch 8: loss=0.2465, RMSE_E_per_atom=74.7 meV, RMSE_F=156.8 meV / A
2025-06-03 21:34:18.955 INFO: Epoch 10: loss=0.2891, RMSE_E_per_atom=69.0 meV, RMSE_F=169.8 meV / A
2025-06-03 21:35:58.364 INFO: Epoch 12: loss=0.2568, RMSE_E_per_atom=76.6 meV, RMSE_F=158.7 meV / A
2025-06-03 21:37:38.004 INFO: Epoch 14: loss=0.2355, RMSE_E_per_atom=72.7 meV, RMSE_F=152.9 meV / A
2025-06-03 21:39:17.808 INFO: Epoch 16: loss=0.2655, RMSE_E_per_atom=82.9 meV, RMSE_F=162.2 meV / A
2025-06-03 21:40:57.658 INFO: Epoch 18: loss=0.1458, RMSE_E_per_atom=105.5 meV, RMSE_F=120.0 meV / A
2025-06-03 21:42:37.788 INFO: Epoch 20: loss=0.1253, RMSE_E_per_atom=65.8 meV, RMSE_F=111.8 meV / A
2025-06-03 21:44:17.733 INFO: Epoch 22: loss=0.1417, RMSE_E_per_atom=71.5 meV, RMSE_F=118.8 meV / A
2025-06-03 21:45:57.524 INFO: Epoch 24: loss=0.2066, RMSE_E_per_atom=85.7 meV, RMSE_F=143.2 meV / A
2025-06-03 21:47:37.226 INFO: Epoch 26: loss=0.1376, RMSE_E_per_atom=76.5 meV, RMSE_F=116.8 meV / A
2025-06-03 21:49:17.371 INFO: Epoch 28: loss=0.2033, RMSE_E_per_atom=122.5 meV, RMSE_F=142.2 meV / A
2025-06-03 21:50:57.084 INFO: Epoch 30: loss=0.0932, RMSE_E_per_atom=60.3 meV, RMSE_F=96.4 meV / A
2025-06-03 21:52:37.076 INFO: Epoch 32: loss=0.0872, RMSE_E_per_atom=56.4 meV, RMSE_F=93.4 meV / A
2025-06-03 21:54:17.092 INFO: Epoch 34: loss=0.1355, RMSE_E_per_atom=62.3 meV, RMSE_F=116.2 meV / A
2025-06-03 21:55:06.036 INFO: Changing loss based on SWA
2025-06-03 21:55:56.899 INFO: Epoch 36: loss=0.0570, RMSE_E_per_atom=7.0 meV, RMSE_F=72.1 meV / A
2025-06-03 21:57:36.800 INFO: Epoch 38: loss=0.0486, RMSE_E_per_atom=4.6 meV, RMSE_F=68.1 meV / A
2025-06-03 21:59:16.616 INFO: Epoch 40: loss=0.0473, RMSE_E_per_atom=5.4 meV, RMSE_F=66.5 meV / A
2025-06-03 22:00:56.511 INFO: Epoch 42: loss=0.0465, RMSE_E_per_atom=3.1 meV, RMSE_F=67.4 meV / A
2025-06-03 22:02:36.743 INFO: Epoch 44: loss=0.0442, RMSE_E_per_atom=3.0 meV, RMSE_F=65.7 meV / A
2025-06-03 22:04:16.771 INFO: Epoch 46: loss=0.0430, RMSE_E_per_atom=3.3 meV, RMSE_F=64.6 meV / A
2025-06-03 22:05:56.561 INFO: Epoch 48: loss=0.0431, RMSE_E_per_atom=3.8 meV, RMSE_F=64.5 meV / A
2025-06-03 22:06:45.631 INFO: Training complete
2025-06-03 22:06:45.632 INFO: Computing metrics for training, validation, and test sets
2025-06-03 22:06:46.097 INFO: Loading checkpoint: MACE_models/mace_learncurve_train2000_run-123_epoch-32.pt
2025-06-03 22:06:46.280 INFO: Loaded model from epoch 32
2025-06-03 22:06:46.281 INFO: Evaluating train ...
2025-06-03 22:07:03.992 INFO: Evaluating valid ...
2025-06-03 22:07:05.890 INFO: Evaluating Default ...
2025-06-03 22:07:15.676 INFO: 
+-------------+---------------------+------------------+-------------------+
| config_type | RMSE E / meV / atom | RMSE F / meV / A | relative F RMSE % |
+-------------+---------------------+------------------+-------------------+
|    train    |         56.2        |       85.7       |        3.80       |
|    valid    |         56.4        |       93.4       |        4.44       |
|   Default   |         54.9        |       93.6       |        4.09       |
+-------------+---------------------+------------------+-------------------+
2025-06-03 22:07:15.677 INFO: Saving model to MACE_models/mace_learncurve_train2000_run-123.model
2025-06-03 22:07:15.910 INFO: Compiling model, saving metadata to MACE_models/mace_learncurve_train2000_compiled.model
2025-06-03 22:07:17.170 INFO: Loading checkpoint: MACE_models/mace_learncurve_train2000_run-123_epoch-48_swa.pt
2025-06-03 22:07:17.575 INFO: Loaded model from epoch 48
2025-06-03 22:07:17.576 INFO: Evaluating train ...
2025-06-03 22:07:35.346 INFO: Evaluating valid ...
2025-06-03 22:07:37.247 INFO: Evaluating Default ...
2025-06-03 22:07:47.078 INFO: 
+-------------+---------------------+------------------+-------------------+
| config_type | RMSE E / meV / atom | RMSE F / meV / A | relative F RMSE % |
+-------------+---------------------+------------------+-------------------+
|    train    |         4.4         |       49.7       |        2.20       |
|    valid    |         3.8         |       64.5       |        3.06       |
|   Default   |         4.3         |       64.0       |        2.80       |
+-------------+---------------------+------------------+-------------------+
2025-06-03 22:07:47.078 INFO: Saving model to MACE_models/mace_learncurve_train2000_run-123_swa.model
2025-06-03 22:07:47.316 INFO: Compiling model, saving metadata MACE_models/mace_learncurve_train2000_swa_compiled.model
2025-06-03 22:07:48.645 INFO: Done
